2024-04-10 22:26:09,207 file: tool_utils.py func: tool_utils line No: 73 log will be stored in /home/chaowu/05_projects/02_YOLOv8/ultralytics/00_horizon_convert/yolov8s_Dequantize/hb_model_modifier.log
2024-04-10 22:26:09,215 file: hb_model_modifier.py func: hb_model_modifier line No: 390 storing info of model: yolov8s_640x640_NCHW_Dequantize.bin
2024-04-10 22:26:09,215 file: hb_model_modifier.py func: hb_model_modifier line No: 393 --------input----------
2024-04-10 22:26:09,215 file: hb_model_modifier.py func: hb_model_modifier line No: 395 name: "images"
type {
  elem_type: INT8
  dim: 1
  dim: 3
  dim: 640
  dim: 640
}

2024-04-10 22:26:09,215 file: hb_model_modifier.py func: hb_model_modifier line No: 396 --------output----------
2024-04-10 22:26:09,215 file: hb_model_modifier.py func: hb_model_modifier line No: 398 name: "output0"
type {
  elem_type: FLOAT
  dim: 1
  dim: 64
  dim: 80
  dim: 80
}

2024-04-10 22:26:09,215 file: hb_model_modifier.py func: hb_model_modifier line No: 398 name: "331"
type {
  elem_type: FLOAT
  dim: 1
  dim: 64
  dim: 40
  dim: 40
}

2024-04-10 22:26:09,216 file: hb_model_modifier.py func: hb_model_modifier line No: 398 name: "345"
type {
  elem_type: FLOAT
  dim: 1
  dim: 64
  dim: 20
  dim: 20
}

2024-04-10 22:26:09,216 file: hb_model_modifier.py func: hb_model_modifier line No: 398 name: "324"
type {
  elem_type: FLOAT
  dim: 1
  dim: 80
  dim: 80
  dim: 80
}

2024-04-10 22:26:09,216 file: hb_model_modifier.py func: hb_model_modifier line No: 398 name: "338"
type {
  elem_type: FLOAT
  dim: 1
  dim: 80
  dim: 40
  dim: 40
}

2024-04-10 22:26:09,216 file: hb_model_modifier.py func: hb_model_modifier line No: 398 name: "352"
type {
  elem_type: FLOAT
  dim: 1
  dim: 80
  dim: 20
  dim: 20
}

2024-04-10 22:26:09,216 file: hb_model_modifier.py func: hb_model_modifier line No: 399 --------value_info----------
2024-04-10 22:26:09,216 file: hb_model_modifier.py func: hb_model_modifier line No: 401 name: "/model.22/cv2.0/cv2.0.2/Conv_nhwc2nchw_transposed_output0"
type {
  elem_type: INT32
  dim: 1
  dim: 64
  dim: 80
  dim: 80
}

2024-04-10 22:26:09,216 file: hb_model_modifier.py func: hb_model_modifier line No: 401 name: "/model.22/cv3.0/cv3.0.2/Conv_nhwc2nchw_transposed_output0"
type {
  elem_type: INT32
  dim: 1
  dim: 80
  dim: 80
  dim: 80
}

2024-04-10 22:26:09,216 file: hb_model_modifier.py func: hb_model_modifier line No: 401 name: "/model.22/cv2.1/cv2.1.2/Conv_nhwc2nchw_transposed_output0"
type {
  elem_type: INT32
  dim: 1
  dim: 64
  dim: 40
  dim: 40
}

2024-04-10 22:26:09,216 file: hb_model_modifier.py func: hb_model_modifier line No: 401 name: "/model.22/cv3.1/cv3.1.2/Conv_nhwc2nchw_transposed_output0"
type {
  elem_type: INT32
  dim: 1
  dim: 80
  dim: 40
  dim: 40
}

2024-04-10 22:26:09,216 file: hb_model_modifier.py func: hb_model_modifier line No: 401 name: "/model.22/cv2.2/cv2.2.2/Conv_nhwc2nchw_transposed_output0"
type {
  elem_type: INT32
  dim: 1
  dim: 64
  dim: 20
  dim: 20
}

2024-04-10 22:26:09,216 file: hb_model_modifier.py func: hb_model_modifier line No: 401 name: "/model.22/cv3.2/cv3.2.2/Conv_nhwc2nchw_transposed_output0"
type {
  elem_type: INT32
  dim: 1
  dim: 80
  dim: 20
  dim: 20
}

2024-04-10 22:26:09,216 file: hb_model_modifier.py func: hb_model_modifier line No: 402 --------node----------
2024-04-10 22:26:09,216 file: hb_model_modifier.py func: hb_model_modifier line No: 404 input: "images"
output: "/model.22/cv2.0/cv2.0.2/Conv_nhwc2nchw_transposed_output0"
output: "/model.22/cv3.0/cv3.0.2/Conv_nhwc2nchw_transposed_output0"
output: "/model.22/cv2.1/cv2.1.2/Conv_nhwc2nchw_transposed_output0"
output: "/model.22/cv3.1/cv3.1.2/Conv_nhwc2nchw_transposed_output0"
output: "/model.22/cv2.2/cv2.2.2/Conv_nhwc2nchw_transposed_output0"
output: "/model.22/cv3.2/cv3.2.2/Conv_nhwc2nchw_transposed_output0"
name: "main_graph_subgraph_0"
op_type: "BPU"

2024-04-10 22:26:09,216 file: hb_model_modifier.py func: hb_model_modifier line No: 404 input: "/model.22/cv2.0/cv2.0.2/Conv_nhwc2nchw_transposed_output0"
input: "/model.22/cv2.0/cv2.0.2/Conv_x_scale"
output: "output0"
name: "output0_HzDequantize"
op_type: "Dequantize"
attribute {
  name: "num_args"
  type: INT
  i: 2
}

2024-04-10 22:26:09,216 file: hb_model_modifier.py func: hb_model_modifier line No: 404 input: "/model.22/cv3.0/cv3.0.2/Conv_nhwc2nchw_transposed_output0"
input: "/model.22/cv3.0/cv3.0.2/Conv_x_scale"
output: "324"
name: "324_HzDequantize"
op_type: "Dequantize"
attribute {
  name: "num_args"
  type: INT
  i: 2
}

2024-04-10 22:26:09,216 file: hb_model_modifier.py func: hb_model_modifier line No: 404 input: "/model.22/cv2.1/cv2.1.2/Conv_nhwc2nchw_transposed_output0"
input: "/model.22/cv2.1/cv2.1.2/Conv_x_scale"
output: "331"
name: "331_HzDequantize"
op_type: "Dequantize"
attribute {
  name: "num_args"
  type: INT
  i: 2
}

2024-04-10 22:26:09,216 file: hb_model_modifier.py func: hb_model_modifier line No: 404 input: "/model.22/cv3.1/cv3.1.2/Conv_nhwc2nchw_transposed_output0"
input: "/model.22/cv3.1/cv3.1.2/Conv_x_scale"
output: "338"
name: "338_HzDequantize"
op_type: "Dequantize"
attribute {
  name: "num_args"
  type: INT
  i: 2
}

2024-04-10 22:26:09,216 file: hb_model_modifier.py func: hb_model_modifier line No: 404 input: "/model.22/cv2.2/cv2.2.2/Conv_nhwc2nchw_transposed_output0"
input: "/model.22/cv2.2/cv2.2.2/Conv_x_scale"
output: "345"
name: "345_HzDequantize"
op_type: "Dequantize"
attribute {
  name: "num_args"
  type: INT
  i: 2
}

2024-04-10 22:26:09,216 file: hb_model_modifier.py func: hb_model_modifier line No: 404 input: "/model.22/cv3.2/cv3.2.2/Conv_nhwc2nchw_transposed_output0"
input: "/model.22/cv3.2/cv3.2.2/Conv_x_scale"
output: "352"
name: "352_HzDequantize"
op_type: "Dequantize"
attribute {
  name: "num_args"
  type: INT
  i: 2
}

2024-04-10 22:26:09,216 file: hb_model_modifier.py func: hb_model_modifier line No: 405 --------input_type----------
2024-04-10 22:26:09,216 file: hb_model_modifier.py func: hb_model_modifier line No: 407 10
2024-04-10 22:26:09,216 file: hb_model_modifier.py func: hb_model_modifier line No: 408 --------input_layout----------
2024-04-10 22:26:09,216 file: hb_model_modifier.py func: hb_model_modifier line No: 410 2
2024-04-10 22:26:09,216 file: hb_model_modifier.py func: hb_model_modifier line No: 99 Tool will remove ['Dequantize'] nodes from this model
2024-04-10 22:26:09,216 file: hb_model_modifier.py func: hb_model_modifier line No: 107 Nodes that will be removed from this model: ['output0_HzDequantize', '324_HzDequantize', '331_HzDequantize', '338_HzDequantize', '345_HzDequantize', '352_HzDequantize']
2024-04-10 22:26:09,216 file: hb_model_modifier.py func: hb_model_modifier line No: 185 Node 'output0_HzDequantize' found, its OP type is 'Dequantize'
2024-04-10 22:26:09,217 file: hb_model_modifier.py func: hb_model_modifier line No: 171 node name is output0_HzDequantize, op type is Dequantize, no axis information
2024-04-10 22:26:09,217 file: model_utils.py func: model_utils line No: 175 replace output name /model.22/cv2.0/cv2.0.2/Conv_nhwc2nchw_transposed_output0 with output0
2024-04-10 22:26:09,217 file: model_utils.py func: model_utils line No: 175 replace output name /model.22/cv2.0/cv2.0.2/Conv_x_scale with output0
2024-04-10 22:26:09,217 file: hb_model_modifier.py func: hb_model_modifier line No: 346 scale: /model.22/cv2.0/cv2.0.2/Conv_x_scale; zero point: 0. node info details are stored in hb_model_modifier log file
2024-04-10 22:26:09,217 file: hb_model_modifier.py func: hb_model_modifier line No: 383 Node output0_HzDequantize info: 'output0_HzDequantize: scale: [0.0004842085763812065, 0.0004661991260945797, 0.00042813370237126946, 0.00034115626476705074, 0.0003284677804913372, 0.00030288618290796876, 0.00025765789905562997, 0.00024599270545877516, 0.0002674812567420304, 0.00024762991233728826, 0.00018510848167352378, 0.000143052326166071, 0.00014898725203238428, 0.00014376860053744167, 0.00012125679495511577, 0.00012862429139204323, 0.0004170824831817299, 0.0004416407900862396, 0.0004224034200888127, 0.0003675564657896757, 0.0003458632854744792, 0.00029633729718625546, 0.00029695124248974025, 0.00019124806567560881, 0.0002674812567420304, 0.000247015937929973, 0.00015256866754498333, 0.0001836759183788672, 0.0001770246890373528, 0.00015533149417024106, 0.00013353597023524344, 0.00017088510503526777, 0.00048502717982046306, 0.00045637579751200974, 0.00040152884321287274, 0.00044491523294709623, 0.0003933427215088159, 0.0002822162350639701, 0.0003270352026447654, 0.00022921114577911794, 0.0002402624231763184, 0.00022450415417551994, 0.00022859720047563314, 0.00019759229326155037, 0.0001719083811622113, 0.00015226169489324093, 0.0001385499635944143, 0.0001277033588849008, 0.0004633339704014361, 0.00045596648124046624, 0.00043877563439309597, 0.00038863570080138743, 0.0004088963323738426, 0.0003614168963395059, 0.0003022722085006535, 0.00028630931046791375, 0.00031598395435139537, 0.0002492671483196318, 0.00022675532090943307, 0.00015635475574526936, 0.00017241999739781022, 0.00012688475544564426, 9.04053813428618e-05, 0.00012197308387840167]; zero point: {zero_point}'
2024-04-10 22:26:09,217 file: hb_model_modifier.py func: hb_model_modifier line No: 386 Node 'output0_HzDequantize' is removed
2024-04-10 22:26:09,217 file: hb_model_modifier.py func: hb_model_modifier line No: 185 Node '324_HzDequantize' found, its OP type is 'Dequantize'
2024-04-10 22:26:09,217 file: hb_model_modifier.py func: hb_model_modifier line No: 171 node name is 324_HzDequantize, op type is Dequantize, no axis information
2024-04-10 22:26:09,217 file: model_utils.py func: model_utils line No: 175 replace output name /model.22/cv3.0/cv3.0.2/Conv_nhwc2nchw_transposed_output0 with 324
2024-04-10 22:26:09,217 file: model_utils.py func: model_utils line No: 175 replace output name /model.22/cv3.0/cv3.0.2/Conv_x_scale with 324
2024-04-10 22:26:09,217 file: hb_model_modifier.py func: hb_model_modifier line No: 346 scale: /model.22/cv3.0/cv3.0.2/Conv_x_scale; zero point: 0. node info details are stored in hb_model_modifier log file
2024-04-10 22:26:09,217 file: hb_model_modifier.py func: hb_model_modifier line No: 383 Node 324_HzDequantize info: '324_HzDequantize: scale: [0.00031565583776682615, 0.00018915704276878387, 0.00016838355804793537, 0.0001292010274482891, 0.00014093889330979437, 0.00013629441673401743, 0.0001312277017859742, 0.0001655124215176329, 0.0001552945759613067, 0.00018949483637697995, 0.0001866237143985927, 0.00017395694158039987, 0.00016534353198949248, 0.00018780592654366046, 0.00021229500998742878, 0.00012894769315607846, 0.00013772997772321105, 0.00017243693582713604, 0.00014879230002406985, 0.00017480140377301723, 0.0001224454172188416, 0.00013274772209115326, 0.00012776545190718025, 0.0001552945759613067, 0.0001542812242405489, 0.00018375256331637502, 0.0001572368055349216, 0.0001599390379851684, 0.0001379833120154217, 0.00017919254605658352, 0.00014060111425351351, 0.00013705441961064935, 0.0002639754384290427, 0.0001480322825955227, 0.00018476590048521757, 0.0001572368055349216, 0.00015191677084658295, 0.00017243693582713604, 0.00012497877469286323, 0.0001817258889786899, 0.00013080549251753837, 0.00017446361016482115, 0.00018071253725793213, 0.0001367166405543685, 0.00018577925220597535, 0.00019304153101984411, 0.0002529975608922541, 0.00021449058840516955, 0.00016475241864100099, 0.000201148257474415, 0.0001503967505414039, 0.00020368162950035185, 0.00014600559370592237, 0.0001734502729959786, 0.00021938841382507235, 0.00014533003559336066, 0.00024438416585326195, 0.0001522545499028638, 0.00027377106016501784, 0.00014338780601974577, 0.0002452286134939641, 0.00014761005877517164, 0.00011872983304783702, 0.00014397891936823726, 0.00016661020345054567, 0.00018189477850683033, 0.00018020588322542608, 0.00021820617257617414, 0.00016804577899165452, 0.00014524560538120568, 0.00014271224790718406, 0.00013570330338552594, 0.0001031074789352715, 0.00018206366803497076, 0.00021432169887702912, 0.00022242843988351524, 0.00017581474094185978, 0.0001741258311085403, 0.0001487078407080844, 0.00015343677659984678]; zero point: {zero_point}'
2024-04-10 22:26:09,217 file: hb_model_modifier.py func: hb_model_modifier line No: 386 Node '324_HzDequantize' is removed
2024-04-10 22:26:09,217 file: hb_model_modifier.py func: hb_model_modifier line No: 185 Node '331_HzDequantize' found, its OP type is 'Dequantize'
2024-04-10 22:26:09,217 file: hb_model_modifier.py func: hb_model_modifier line No: 171 node name is 331_HzDequantize, op type is Dequantize, no axis information
2024-04-10 22:26:09,218 file: model_utils.py func: model_utils line No: 175 replace output name /model.22/cv2.1/cv2.1.2/Conv_nhwc2nchw_transposed_output0 with 331
2024-04-10 22:26:09,218 file: model_utils.py func: model_utils line No: 175 replace output name /model.22/cv2.1/cv2.1.2/Conv_x_scale with 331
2024-04-10 22:26:09,218 file: hb_model_modifier.py func: hb_model_modifier line No: 346 scale: /model.22/cv2.1/cv2.1.2/Conv_x_scale; zero point: 0. node info details are stored in hb_model_modifier log file
2024-04-10 22:26:09,218 file: hb_model_modifier.py func: hb_model_modifier line No: 383 Node 331_HzDequantize info: '331_HzDequantize: scale: [0.000625565298832953, 0.0006485860794782639, 0.0005540006095543504, 0.00047793189878575504, 0.00047718119458295405, 0.0003540699544828385, 0.0005117123946547508, 0.00033655413426458836, 0.00029376547900028527, 0.00028600843506865203, 0.00036332831950858235, 0.00027399760438129306, 0.0001872942375484854, 0.0002302080247318372, 0.0002562315494287759, 0.00032279168954119086, 0.0006040458101779222, 0.0005745191592723131, 0.0005570033099502325, 0.0005009527085348964, 0.0005052065243944526, 0.0005454929196275771, 0.00041537536890245974, 0.0003780916449613869, 0.0003911034145858139, 0.00035882426891475916, 0.00022720530978403986, 0.0001740322622936219, 0.00018291528976988047, 0.00017165510507766157, 0.00015501507732551545, 0.0001946759148268029, 0.0008222429896704853, 0.0006671028095297515, 0.0005990412901155651, 0.0005134639795869589, 0.0005254748393781483, 0.0004021133645437658, 0.0004446517850738019, 0.000395107053918764, 0.00036082605947740376, 0.0002767500700429082, 0.00017803587252274156, 0.00022570394503418356, 0.00025360414292663336, 0.00026548991445451975, 0.0002657401200849563, 0.00029026230913586915, 0.0007506783585995436, 0.0006055472185835242, 0.0005645100609399378, 0.00043764544534496963, 0.00038559845415875316, 0.00047142597031779587, 0.0003455622645560652, 0.00034080795012414455, 0.0004081187944393605, 0.00042238167952746153, 0.0002548552874941379, 0.0001981790701393038, 0.00023558788234367967, 0.0002507265598978847, 0.00024847453460097313, 0.0002644890046212822]; zero point: {zero_point}'
2024-04-10 22:26:09,218 file: hb_model_modifier.py func: hb_model_modifier line No: 386 Node '331_HzDequantize' is removed
2024-04-10 22:26:09,218 file: hb_model_modifier.py func: hb_model_modifier line No: 185 Node '338_HzDequantize' found, its OP type is 'Dequantize'
2024-04-10 22:26:09,218 file: hb_model_modifier.py func: hb_model_modifier line No: 171 node name is 338_HzDequantize, op type is Dequantize, no axis information
2024-04-10 22:26:09,218 file: model_utils.py func: model_utils line No: 175 replace output name /model.22/cv3.1/cv3.1.2/Conv_nhwc2nchw_transposed_output0 with 338
2024-04-10 22:26:09,218 file: model_utils.py func: model_utils line No: 175 replace output name /model.22/cv3.1/cv3.1.2/Conv_x_scale with 338
2024-04-10 22:26:09,218 file: hb_model_modifier.py func: hb_model_modifier line No: 346 scale: /model.22/cv3.1/cv3.1.2/Conv_x_scale; zero point: 0. node info details are stored in hb_model_modifier log file
2024-04-10 22:26:09,218 file: hb_model_modifier.py func: hb_model_modifier line No: 383 Node 338_HzDequantize info: '338_HzDequantize: scale: [0.0006003268645144999, 0.0002539354027248919, 0.0003762005944736302, 0.0002716295712161809, 0.0002564858878031373, 0.00025505124358460307, 0.00035069542354904115, 0.0002902801788877696, 0.0002663691411726177, 0.0002488343743607402, 0.0002627027570270002, 0.00023241544840857387, 0.00023656002304051071, 0.00030446742312051356, 0.00028454154380597174, 0.00030717733898200095, 0.00033698647166602314, 0.00027449888875707984, 0.0003027139464393258, 0.0002947436005342752, 0.00028039695462211967, 0.00028087515966035426, 0.000282788067124784, 0.0002791216829791665, 0.0002532977669034153, 0.00030653970316052437, 0.000339218124281615, 0.00028661382384598255, 0.000282788067124784, 0.0003892719396390021, 0.0002322560321772471, 0.00025760172866284847, 0.00023751646222081035, 0.0002517036919016391, 0.00022396686836145818, 0.0002824692346621305, 0.00025138488854281604, 0.00026318099116906524, 0.00025489184190519154, 0.00031307540484704077, 0.0002480373368598521, 0.00034463798510842025, 0.00032933492911979556, 0.00026780381449498236, 0.00023592240177094936, 0.00033634883584454656, 0.00031626352574676275, 0.0003526083310134709, 0.00027880287962034345, 0.00038193922955542803, 0.00031498828320764005, 0.00028438211302272975, 0.00023847290140111, 0.0002933089272119105, 0.00030351095483638346, 0.00030446742312051356, 0.0004326306516304612, 0.00028677325462922454, 0.00034973901347257197, 0.0003631291911005974, 0.00044155746581964195, 0.00029362773057073355, 0.00035005781683139503, 0.00024277687771245837, 0.00021041725995019078, 0.00026891965535469353, 0.00025425420608371496, 0.00030303274979814887, 0.000254094775300473, 0.0002634997945278883, 0.0002198222791776061, 0.00027497709379531443, 0.0002684414212126285, 0.000300482235616073, 0.0002811939921230078, 0.0002810345613397658, 0.0002595146361272782, 0.0002778464404400438, 0.00028884553466923535, 0.00024851554189808667]; zero point: {zero_point}'
2024-04-10 22:26:09,218 file: hb_model_modifier.py func: hb_model_modifier line No: 386 Node '338_HzDequantize' is removed
2024-04-10 22:26:09,218 file: hb_model_modifier.py func: hb_model_modifier line No: 185 Node '345_HzDequantize' found, its OP type is 'Dequantize'
2024-04-10 22:26:09,218 file: hb_model_modifier.py func: hb_model_modifier line No: 171 node name is 345_HzDequantize, op type is Dequantize, no axis information
2024-04-10 22:26:09,218 file: model_utils.py func: model_utils line No: 175 replace output name /model.22/cv2.2/cv2.2.2/Conv_nhwc2nchw_transposed_output0 with 345
2024-04-10 22:26:09,218 file: model_utils.py func: model_utils line No: 175 replace output name /model.22/cv2.2/cv2.2.2/Conv_x_scale with 345
2024-04-10 22:26:09,218 file: hb_model_modifier.py func: hb_model_modifier line No: 346 scale: /model.22/cv2.2/cv2.2.2/Conv_x_scale; zero point: 0. node info details are stored in hb_model_modifier log file
2024-04-10 22:26:09,219 file: hb_model_modifier.py func: hb_model_modifier line No: 383 Node 345_HzDequantize info: '345_HzDequantize: scale: [0.0006170613341964781, 0.0006649610586464405, 0.0005883214180357754, 0.0005525375017896295, 0.0005392946768552065, 0.000585503876209259, 0.0006198788760229945, 0.0004775885317940265, 0.0005753603763878345, 0.0005116818938404322, 0.0005525375017896295, 0.0003468504291959107, 0.00038742434117011726, 0.00032177349203266203, 0.00032994465436786413, 0.00033107170020230114, 0.0008695211145095527, 0.0006226965924724936, 0.0007117337081581354, 0.000614243617746979, 0.000560708693228662, 0.0005367588018998504, 0.0005660621682181954, 0.00041362832416780293, 0.0005311235436238348, 0.00037840791628696024, 0.0003578391915652901, 0.000334171112626791, 0.0003028953797183931, 0.0002766914258245379, 0.00021329469745978713, 0.00012143991625634953, 0.0005564822349697351, 0.0005821227096021175, 0.0006356576341204345, 0.0007145513663999736, 0.0005316870519891381, 0.000663833983708173, 0.000524642993696034, 0.0005325323436409235, 0.0005218253354541957, 0.00036093860398977995, 0.0005175989354029298, 0.000378971453756094, 0.00029162486316636205, 0.00042546234908513725, 0.0003843249287456274, 0.0003257182252127677, 0.000657071708701551, 0.0006880656001158059, 0.0007015902083367109, 0.00067285040859133, 0.00048378732753917575, 0.00047815206926316023, 0.0004953396273776889, 0.0004325064364820719, 0.000540421751793474, 0.00047223505680449307, 0.00037474496639333665, 0.0004040483618155122, 0.0003679826622828841, 0.0003786896704696119, 0.0003372704959474504, 0.0003023318713530898]; zero point: {zero_point}'
2024-04-10 22:26:09,219 file: hb_model_modifier.py func: hb_model_modifier line No: 386 Node '345_HzDequantize' is removed
2024-04-10 22:26:09,219 file: hb_model_modifier.py func: hb_model_modifier line No: 185 Node '352_HzDequantize' found, its OP type is 'Dequantize'
2024-04-10 22:26:09,219 file: hb_model_modifier.py func: hb_model_modifier line No: 171 node name is 352_HzDequantize, op type is Dequantize, no axis information
2024-04-10 22:26:09,219 file: model_utils.py func: model_utils line No: 175 replace output name /model.22/cv3.2/cv3.2.2/Conv_nhwc2nchw_transposed_output0 with 352
2024-04-10 22:26:09,219 file: model_utils.py func: model_utils line No: 175 replace output name /model.22/cv3.2/cv3.2.2/Conv_x_scale with 352
2024-04-10 22:26:09,219 file: hb_model_modifier.py func: hb_model_modifier line No: 346 scale: /model.22/cv3.2/cv3.2.2/Conv_x_scale; zero point: 0. node info details are stored in hb_model_modifier log file
2024-04-10 22:26:09,219 file: hb_model_modifier.py func: hb_model_modifier line No: 383 Node 352_HzDequantize info: '352_HzDequantize: scale: [0.0007040036143735051, 0.00024242507060989738, 0.0003449124633334577, 0.0003353572392370552, 0.0003415218961890787, 0.0003714204649440944, 0.00037943452480249107, 0.0003304255078546703, 0.0002749436243902892, 0.00016706215683370829, 0.00022300639830064029, 0.0002102147409459576, 0.00022500992054119706, 0.00036186526995152235, 0.0002564496826380491, 0.0003489194787107408, 0.00031655505881644785, 0.00032025386462919414, 0.0002604566980153322, 0.0002858859079424292, 0.00034213834442198277, 0.0002533673250582069, 0.0003224114771001041, 0.000348611269146204, 0.0003245691186748445, 0.00028126241522841156, 0.00027910477365367115, 0.00021036886028014123, 0.00027047423645853996, 0.00022254406940191984, 0.00021853703947272152, 0.00021591705444734544, 0.0001543475518701598, 0.0002296334132552147, 0.0002687789674382657, 0.00020697830768767744, 0.00020975239749532193, 0.00027910477365367115, 0.00018185733642894775, 0.0002598402206785977, 0.00023148281616158783, 0.0002533673250582069, 0.00019079608318861574, 0.00026831662398763, 0.00025691199698485434, 0.0003365901648066938, 0.00026153548969887197, 0.00022840048768557608, 0.0002673919079825282, 0.00026153548969887197, 0.00022238993551582098, 0.0002459697425365448, 0.0002459697425365448, 0.00036833813646808267, 0.00021591705444734544, 0.00033936428371816874, 0.0004127236898057163, 0.00036063234438188374, 0.0002521343994885683, 0.00040994957089424133, 0.0005344756064005196, 0.000301913998555392, 0.00030145165510475636, 0.0002811082813423127, 0.00020559124823193997, 0.00016999038052745163, 0.00023718512966297567, 0.00024889796623028815, 0.00024889796623028815, 0.00028249534079805017, 0.00028280357946641743, 0.00027848832542076707, 0.00030160575988702476, 0.0002444285782985389, 0.00021098533761687577, 0.0002297875180374831, 0.0003049963270314038, 0.00027525186305865645, 0.00018971726240124553, 0.00021838292013853788]; zero point: {zero_point}'
2024-04-10 22:26:09,219 file: hb_model_modifier.py func: hb_model_modifier line No: 386 Node '352_HzDequantize' is removed
2024-04-10 22:26:09,229 file: hb_model_modifier.py func: hb_model_modifier line No: 129 modified model saved as yolov8s_640x640_NCHW_Dequantize_modified.bin
