2024-04-11 14:41:03,547 file: tool_utils.py func: tool_utils line No: 73 log will be stored in /home/chaowu/05_projects/02_YOLOv8/ultralytics/00_horizon_convert/hb_mapper_makertbin.log
2024-04-11 14:41:03,548 file: hb_mapper.py func: hb_mapper line No: 115 Start hb_mapper....
2024-04-11 14:41:03,548 file: hb_mapper.py func: hb_mapper line No: 116 hbdk version 3.46.4
2024-04-11 14:41:03,548 file: hb_mapper.py func: hb_mapper line No: 117 horizon_nn version 0.19.3
2024-04-11 14:41:03,549 file: hb_mapper.py func: hb_mapper line No: 118 hb_mapper version 1.18.2
2024-04-11 14:41:03,549 file: hb_mapper_makertbin.py func: hb_mapper_makertbin line No: 521 Start Model Convert....
2024-04-11 14:41:03,558 file: mapper_conf_parser.py func: mapper_conf_parser line No: 103 validating model_parameters...
2024-04-11 14:41:03,558 file: mapper_conf_parser.py func: mapper_conf_parser line No: 1306 Using abs path /home/chaowu/05_projects/02_YOLOv8/ultralytics/00_horizon_convert/yolov8s_3out_no_dfl.onnx
2024-04-11 14:41:03,558 file: mapper_conf_parser.py func: mapper_conf_parser line No: 257 Using onnx model file: /home/chaowu/05_projects/02_YOLOv8/ultralytics/00_horizon_convert/yolov8s_3out_no_dfl.onnx
2024-04-11 14:41:03,601 file: helper.py func: helper line No: 145 Model input names: ['images']
2024-04-11 14:41:03,601 file: mapper_conf_parser.py func: mapper_conf_parser line No: 261 Model has 1 inputs according to model file
2024-04-11 14:41:03,601 file: mapper_conf_parser.py func: mapper_conf_parser line No: 1306 Using abs path /home/chaowu/05_projects/02_YOLOv8/ultralytics/00_horizon_convert/yolov8s_3out_no_dfl
2024-04-11 14:41:03,601 file: mapper_conf_parser.py func: mapper_conf_parser line No: 286 working_dir does not exist. Creating working_dir: /home/chaowu/05_projects/02_YOLOv8/ultralytics/00_horizon_convert/yolov8s_3out_no_dfl
2024-04-11 14:41:03,602 file: mapper_conf_parser.py func: mapper_conf_parser line No: 465 node_dict: {self.node_dict}
2024-04-11 14:41:03,602 file: mapper_conf_parser.py func: mapper_conf_parser line No: 118 validating model_parameters finished
2024-04-11 14:41:03,602 file: mapper_conf_parser.py func: mapper_conf_parser line No: 122 validating input_parameters...
2024-04-11 14:41:03,602 file: mapper_conf_parser.py func: mapper_conf_parser line No: 519 Model name not given in yaml_file, using model name from model file: ['images']
2024-04-11 14:41:03,602 file: mapper_conf_parser.py func: mapper_conf_parser line No: 568 Model input shape not given in yaml_file, using shape from model file: [[1, 3, 640, 640]]
2024-04-11 14:41:03,602 file: mapper_conf_parser.py func: mapper_conf_parser line No: 133 validating input_parameters finished
2024-04-11 14:41:03,602 file: mapper_conf_parser.py func: mapper_conf_parser line No: 137 validating calibration_parameters...
2024-04-11 14:41:03,602 file: mapper_conf_parser.py func: mapper_conf_parser line No: 1306 Using abs path /home/chaowu/05_projects/02_YOLOv8/ultralytics/00_horizon_convert/calibration_data_rgb_f32
2024-04-11 14:41:03,602 file: mapper_conf_parser.py func: mapper_conf_parser line No: 1039 The calibration dir name suffix is the same as the value float32 of the cal_data_type parameter and will be read with the value of cal_data_type.
2024-04-11 14:41:03,602 file: mapper_conf_parser.py func: mapper_conf_parser line No: 153 validating calibration_parameters finished
2024-04-11 14:41:03,602 file: mapper_conf_parser.py func: mapper_conf_parser line No: 157 validating custom_op...
2024-04-11 14:41:03,602 file: mapper_conf_parser.py func: mapper_conf_parser line No: 1114 custom_op does not exist, skipped
2024-04-11 14:41:03,602 file: mapper_conf_parser.py func: mapper_conf_parser line No: 163 validating custom_op finished
2024-04-11 14:41:03,602 file: mapper_conf_parser.py func: mapper_conf_parser line No: 166 validating compiler_parameters...
2024-04-11 14:41:03,602 file: mapper_conf_parser.py func: mapper_conf_parser line No: 1195 Input node images's input_source not set, it will be set to ddr by default
2024-04-11 14:41:03,602 file: mapper_conf_parser.py func: mapper_conf_parser line No: 180 validating compiler_parameters finished
2024-04-11 14:41:03,602 file: mapper_conf_parser.py func: mapper_conf_parser line No: 184 validating deprecated parameters...
2024-04-11 14:41:03,602 file: mapper_conf_parser.py func: mapper_conf_parser line No: 190 validating deprecated parameters finished
2024-04-11 14:41:03,603 file: hb_mapper_makertbin.py func: hb_mapper_makertbin line No: 57 Dump config:
2024-04-11 14:41:03,603 file: hb_mapper_makertbin.py func: hb_mapper_makertbin line No: 58 calibration_parameters:
  cal_data_dir: ./calibration_data_rgb_f32
  cal_data_type: float32
compiler_parameters:
  compile_mode: latency
  debug: false
  optimize_level: O3
input_parameters:
  input_layout_rt: NCHW
  input_layout_train: NCHW
  input_name: ''
  input_type_rt: rgb
  input_type_train: rgb
  norm_type: data_scale
  scale_value: '0.003921568627451'
model_parameters:
  layer_out_dump: false
  march: bayes
  onnx_model: ./yolov8s_3out_no_dfl.onnx
  output_model_file_prefix: yolov8s_3out_no_dfl
  working_dir: yolov8s_3out_no_dfl

2024-04-11 14:41:03,604 file: hb_mapper_makertbin.py func: hb_mapper_makertbin line No: 63 input 'images' : original model shape: [1, 3, 640, 640]
2024-04-11 14:41:03,605 file: loader.py func: loader line No: 44 *******************************************
2024-04-11 14:41:03,605 file: loader.py func: loader line No: 45 First calibration picture name: COCO_val2014_000000181007.rgb
2024-04-11 14:41:03,605 file: loader.py func: loader line No: 47 First calibration picture md5:
2024-04-11 14:41:03,618 file: loader.py func: loader line No: 51 *******************************************
2024-04-11 14:41:03,618 file: loader.py func: loader line No: 125 created RawImageDirLoader of shape:[1, 3, 640, 640]
2024-04-11 14:41:03,619 file: loader.py func: loader line No: 130 Read raw file: /home/chaowu/05_projects/02_YOLOv8/ultralytics/00_horizon_convert/calibration_data_rgb_f32/COCO_val2014_000000181007.rgb
2024-04-11 14:41:03,633 file: loader.py func: loader line No: 130 Read raw file: /home/chaowu/05_projects/02_YOLOv8/ultralytics/00_horizon_convert/calibration_data_rgb_f32/COCO_val2014_000000181013.rgb
2024-04-11 14:41:03,648 file: loader.py func: loader line No: 130 Read raw file: /home/chaowu/05_projects/02_YOLOv8/ultralytics/00_horizon_convert/calibration_data_rgb_f32/COCO_val2014_000000181026.rgb
2024-04-11 14:41:03,663 file: loader.py func: loader line No: 130 Read raw file: /home/chaowu/05_projects/02_YOLOv8/ultralytics/00_horizon_convert/calibration_data_rgb_f32/COCO_val2014_000000181030.rgb
2024-04-11 14:41:03,679 file: loader.py func: loader line No: 130 Read raw file: /home/chaowu/05_projects/02_YOLOv8/ultralytics/00_horizon_convert/calibration_data_rgb_f32/COCO_val2014_000000181058.rgb
2024-04-11 14:41:03,725 file: loader.py func: loader line No: 130 Read raw file: /home/chaowu/05_projects/02_YOLOv8/ultralytics/00_horizon_convert/calibration_data_rgb_f32/COCO_val2014_000000181065.rgb
2024-04-11 14:41:03,742 file: loader.py func: loader line No: 130 Read raw file: /home/chaowu/05_projects/02_YOLOv8/ultralytics/00_horizon_convert/calibration_data_rgb_f32/COCO_val2014_000000181118.rgb
2024-04-11 14:41:03,759 file: loader.py func: loader line No: 130 Read raw file: /home/chaowu/05_projects/02_YOLOv8/ultralytics/00_horizon_convert/calibration_data_rgb_f32/COCO_val2014_000000181132.rgb
2024-04-11 14:41:03,786 file: loader.py func: loader line No: 130 Read raw file: /home/chaowu/05_projects/02_YOLOv8/ultralytics/00_horizon_convert/calibration_data_rgb_f32/COCO_val2014_000000181133.rgb
2024-04-11 14:41:03,804 file: loader.py func: loader line No: 130 Read raw file: /home/chaowu/05_projects/02_YOLOv8/ultralytics/00_horizon_convert/calibration_data_rgb_f32/COCO_val2014_000000181139.rgb
2024-04-11 14:41:03,822 file: loader.py func: loader line No: 130 Read raw file: /home/chaowu/05_projects/02_YOLOv8/ultralytics/00_horizon_convert/calibration_data_rgb_f32/COCO_val2014_000000181169.rgb
2024-04-11 14:41:03,841 file: loader.py func: loader line No: 130 Read raw file: /home/chaowu/05_projects/02_YOLOv8/ultralytics/00_horizon_convert/calibration_data_rgb_f32/COCO_val2014_000000181179.rgb
2024-04-11 14:41:03,859 file: loader.py func: loader line No: 130 Read raw file: /home/chaowu/05_projects/02_YOLOv8/ultralytics/00_horizon_convert/calibration_data_rgb_f32/COCO_val2014_000000181237.rgb
2024-04-11 14:41:03,891 file: loader.py func: loader line No: 130 Read raw file: /home/chaowu/05_projects/02_YOLOv8/ultralytics/00_horizon_convert/calibration_data_rgb_f32/COCO_val2014_000000181249.rgb
2024-04-11 14:41:03,915 file: loader.py func: loader line No: 130 Read raw file: /home/chaowu/05_projects/02_YOLOv8/ultralytics/00_horizon_convert/calibration_data_rgb_f32/COCO_val2014_000000181256.rgb
2024-04-11 14:41:03,933 file: loader.py func: loader line No: 130 Read raw file: /home/chaowu/05_projects/02_YOLOv8/ultralytics/00_horizon_convert/calibration_data_rgb_f32/COCO_val2014_000000181265.rgb
2024-04-11 14:41:03,951 file: loader.py func: loader line No: 130 Read raw file: /home/chaowu/05_projects/02_YOLOv8/ultralytics/00_horizon_convert/calibration_data_rgb_f32/COCO_val2014_000000181267.rgb
2024-04-11 14:41:03,967 file: loader.py func: loader line No: 130 Read raw file: /home/chaowu/05_projects/02_YOLOv8/ultralytics/00_horizon_convert/calibration_data_rgb_f32/COCO_val2014_000000181278.rgb
2024-04-11 14:41:03,984 file: loader.py func: loader line No: 130 Read raw file: /home/chaowu/05_projects/02_YOLOv8/ultralytics/00_horizon_convert/calibration_data_rgb_f32/COCO_val2014_000000181296.rgb
2024-04-11 14:41:04,002 file: loader.py func: loader line No: 130 Read raw file: /home/chaowu/05_projects/02_YOLOv8/ultralytics/00_horizon_convert/calibration_data_rgb_f32/COCO_val2014_000000181303.rgb
2024-04-11 14:41:04,019 file: loader.py func: loader line No: 130 Read raw file: /home/chaowu/05_projects/02_YOLOv8/ultralytics/00_horizon_convert/calibration_data_rgb_f32/COCO_val2014_000000181359.rgb
2024-04-11 14:41:04,035 file: loader.py func: loader line No: 130 Read raw file: /home/chaowu/05_projects/02_YOLOv8/ultralytics/00_horizon_convert/calibration_data_rgb_f32/COCO_val2014_000000181383.rgb
2024-04-11 14:41:04,058 file: loader.py func: loader line No: 130 Read raw file: /home/chaowu/05_projects/02_YOLOv8/ultralytics/00_horizon_convert/calibration_data_rgb_f32/COCO_val2014_000000181386.rgb
2024-04-11 14:41:04,075 file: loader.py func: loader line No: 130 Read raw file: /home/chaowu/05_projects/02_YOLOv8/ultralytics/00_horizon_convert/calibration_data_rgb_f32/COCO_val2014_000000181403.rgb
2024-04-11 14:41:04,092 file: loader.py func: loader line No: 130 Read raw file: /home/chaowu/05_projects/02_YOLOv8/ultralytics/00_horizon_convert/calibration_data_rgb_f32/COCO_val2014_000000181409.rgb
2024-04-11 14:41:04,109 file: loader.py func: loader line No: 130 Read raw file: /home/chaowu/05_projects/02_YOLOv8/ultralytics/00_horizon_convert/calibration_data_rgb_f32/COCO_val2014_000000181421.rgb
2024-04-11 14:41:04,128 file: loader.py func: loader line No: 130 Read raw file: /home/chaowu/05_projects/02_YOLOv8/ultralytics/00_horizon_convert/calibration_data_rgb_f32/COCO_val2014_000000181446.rgb
2024-04-11 14:41:04,148 file: loader.py func: loader line No: 130 Read raw file: /home/chaowu/05_projects/02_YOLOv8/ultralytics/00_horizon_convert/calibration_data_rgb_f32/COCO_val2014_000000181449.rgb
2024-04-11 14:41:04,164 file: loader.py func: loader line No: 130 Read raw file: /home/chaowu/05_projects/02_YOLOv8/ultralytics/00_horizon_convert/calibration_data_rgb_f32/COCO_val2014_000000181462.rgb
2024-04-11 14:41:04,191 file: loader.py func: loader line No: 130 Read raw file: /home/chaowu/05_projects/02_YOLOv8/ultralytics/00_horizon_convert/calibration_data_rgb_f32/COCO_val2014_000000181466.rgb
2024-04-11 14:41:04,210 file: loader.py func: loader line No: 130 Read raw file: /home/chaowu/05_projects/02_YOLOv8/ultralytics/00_horizon_convert/calibration_data_rgb_f32/COCO_val2014_000000181485.rgb
2024-04-11 14:41:04,229 file: loader.py func: loader line No: 130 Read raw file: /home/chaowu/05_projects/02_YOLOv8/ultralytics/00_horizon_convert/calibration_data_rgb_f32/COCO_val2014_000000181488.rgb
2024-04-11 14:41:04,247 file: loader.py func: loader line No: 130 Read raw file: /home/chaowu/05_projects/02_YOLOv8/ultralytics/00_horizon_convert/calibration_data_rgb_f32/COCO_val2014_000000181499.rgb
2024-04-11 14:41:04,266 file: loader.py func: loader line No: 130 Read raw file: /home/chaowu/05_projects/02_YOLOv8/ultralytics/00_horizon_convert/calibration_data_rgb_f32/COCO_val2014_000000181506.rgb
2024-04-11 14:41:04,284 file: loader.py func: loader line No: 130 Read raw file: /home/chaowu/05_projects/02_YOLOv8/ultralytics/00_horizon_convert/calibration_data_rgb_f32/COCO_val2014_000000181518.rgb
2024-04-11 14:41:04,301 file: loader.py func: loader line No: 130 Read raw file: /home/chaowu/05_projects/02_YOLOv8/ultralytics/00_horizon_convert/calibration_data_rgb_f32/COCO_val2014_000000181524.rgb
2024-04-11 14:41:04,320 file: loader.py func: loader line No: 130 Read raw file: /home/chaowu/05_projects/02_YOLOv8/ultralytics/00_horizon_convert/calibration_data_rgb_f32/COCO_val2014_000000181542.rgb
2024-04-11 14:41:04,338 file: loader.py func: loader line No: 130 Read raw file: /home/chaowu/05_projects/02_YOLOv8/ultralytics/00_horizon_convert/calibration_data_rgb_f32/COCO_val2014_000000181572.rgb
2024-04-11 14:41:04,359 file: loader.py func: loader line No: 130 Read raw file: /home/chaowu/05_projects/02_YOLOv8/ultralytics/00_horizon_convert/calibration_data_rgb_f32/COCO_val2014_000000181574.rgb
2024-04-11 14:41:04,378 file: loader.py func: loader line No: 130 Read raw file: /home/chaowu/05_projects/02_YOLOv8/ultralytics/00_horizon_convert/calibration_data_rgb_f32/COCO_val2014_000000181576.rgb
2024-04-11 14:41:04,396 file: loader.py func: loader line No: 130 Read raw file: /home/chaowu/05_projects/02_YOLOv8/ultralytics/00_horizon_convert/calibration_data_rgb_f32/COCO_val2014_000000181586.rgb
2024-04-11 14:41:04,414 file: loader.py func: loader line No: 130 Read raw file: /home/chaowu/05_projects/02_YOLOv8/ultralytics/00_horizon_convert/calibration_data_rgb_f32/COCO_val2014_000000181591.rgb
2024-04-11 14:41:04,437 file: loader.py func: loader line No: 130 Read raw file: /home/chaowu/05_projects/02_YOLOv8/ultralytics/00_horizon_convert/calibration_data_rgb_f32/COCO_val2014_000000181601.rgb
2024-04-11 14:41:04,455 file: loader.py func: loader line No: 130 Read raw file: /home/chaowu/05_projects/02_YOLOv8/ultralytics/00_horizon_convert/calibration_data_rgb_f32/COCO_val2014_000000181627.rgb
2024-04-11 14:41:04,473 file: loader.py func: loader line No: 130 Read raw file: /home/chaowu/05_projects/02_YOLOv8/ultralytics/00_horizon_convert/calibration_data_rgb_f32/COCO_val2014_000000181643.rgb
2024-04-11 14:41:04,491 file: loader.py func: loader line No: 130 Read raw file: /home/chaowu/05_projects/02_YOLOv8/ultralytics/00_horizon_convert/calibration_data_rgb_f32/COCO_val2014_000000181655.rgb
2024-04-11 14:41:04,510 file: loader.py func: loader line No: 130 Read raw file: /home/chaowu/05_projects/02_YOLOv8/ultralytics/00_horizon_convert/calibration_data_rgb_f32/COCO_val2014_000000181666.rgb
2024-04-11 14:41:04,527 file: loader.py func: loader line No: 130 Read raw file: /home/chaowu/05_projects/02_YOLOv8/ultralytics/00_horizon_convert/calibration_data_rgb_f32/COCO_val2014_000000181677.rgb
2024-04-11 14:41:04,546 file: loader.py func: loader line No: 130 Read raw file: /home/chaowu/05_projects/02_YOLOv8/ultralytics/00_horizon_convert/calibration_data_rgb_f32/COCO_val2014_000000181714.rgb
2024-04-11 14:41:04,564 file: loader.py func: loader line No: 130 Read raw file: /home/chaowu/05_projects/02_YOLOv8/ultralytics/00_horizon_convert/calibration_data_rgb_f32/COCO_val2014_000000181739.rgb
2024-04-11 14:41:04,582 file: tool_utils.py func: tool_utils line No: 364 num of calibration data: 50
2024-04-11 14:41:04,582 file: tool_utils.py func: tool_utils line No: 365 calibration data shape: (1, 3, 640, 640)
2024-04-11 14:41:04,619 file: hb_mapper_makertbin.py func: hb_mapper_makertbin line No: 510 call build params:
 {'march': 'bayes', 'save_model': True, 'name_prefix': 'yolov8s_3out_no_dfl', 'input_dict': {'images': {'input_shape': [1, 3, 640, 640], 'expected_input_type': 'RGB_128', 'original_input_type': 'RGB', 'original_input_layout': 'NCHW', 'scales': array([0.00392157], dtype=float32)}}, 'cali_dict': {'calibration_type': 'default', 'calibration_data': {'images': [array([[[[-1., -1., -1., ..., -1., -1., -1.],
         [-1., -1., -1., ..., -1., -1., -1.],
         [-1., -1., -1., ..., -1., -1., -1.],
         ...,
         [-1., -1., -1., ..., -1., -1., -1.],
         [-1., -1., -1., ..., -1., -1., -1.],
         [-1., -1., -1., ..., -1., -1., -1.]],

        [[-1., -1., -1., ..., -1., -1., -1.],
         [-1., -1., -1., ..., -1., -1., -1.],
         [-1., -1., -1., ..., -1., -1., -1.],
         ...,
         [-1., -1., -1., ..., -1., -1., -1.],
         [-1., -1., -1., ..., -1., -1., -1.],
         [-1., -1., -1., ..., -1., -1., -1.]],

        [[-1., -1., -1., ..., -1., -1., -1.],
         [-1., -1., -1., ..., -1., -1., -1.],
         [-1., -1., -1., ..., -1., -1., -1.],
         ...,
         [-1., -1., -1., ..., -1., -1., -1.],
         [-1., -1., -1., ..., -1., -1., -1.],
         [-1., -1., -1., ..., -1., -1., -1.]]]], dtype=float32), array([[[[-1., -1., -1., ..., -1., -1., -1.],
         [-1., -1., -1., ..., -1., -1., -1.],
         [-1., -1., -1., ..., -1., -1., -1.],
         ...,
         [-1., -1., -1., ..., -1., -1., -1.],
         [-1., -1., -1., ..., -1., -1., -1.],
         [-1., -1., -1., ..., -1., -1., -1.]],

        [[-1., -1., -1., ..., -1., -1., -1.],
         [-1., -1., -1., ..., -1., -1., -1.],
         [-1., -1., -1., ..., -1., -1., -1.],
         ...,
         [-1., -1., -1., ..., -1., -1., -1.],
         [-1., -1., -1., ..., -1., -1., -1.],
         [-1., -1., -1., ..., -1., -1., -1.]],

        [[-1., -1., -1., ..., -1., -1., -1.],
         [-1., -1., -1., ..., -1., -1., -1.],
         [-1., -1., -1., ..., -1., -1., -1.],
         ...,
         [-1., -1., -1., ..., -1., -1., -1.],
         [-1., -1., -1., ..., -1., -1., -1.],
         [-1., -1., -1., ..., -1., -1., -1.]]]], dtype=float32), array([[[[-1., -1., -1., ..., -1., -1., -1.],
         [-1., -1., -1., ..., -1., -1., -1.],
         [-1., -1., -1., ..., -1., -1., -1.],
         ...,
         [-1., -1., -1., ..., -1., -1., -1.],
         [-1., -1., -1., ..., -1., -1., -1.],
         [-1., -1., -1., ..., -1., -1., -1.]],

        [[-1., -1., -1., ..., -1., -1., -1.],
         [-1., -1., -1., ..., -1., -1., -1.],
         [-1., -1., -1., ..., -1., -1., -1.],
         ...,
         [-1., -1., -1., ..., -1., -1., -1.],
         [-1., -1., -1., ..., -1., -1., -1.],
         [-1., -1., -1., ..., -1., -1., -1.]],

        [[-1., -1., -1., ..., -1., -1., -1.],
         [-1., -1., -1., ..., -1., -1., -1.],
         [-1., -1., -1., ..., -1., -1., -1.],
         ...,
         [-1., -1., -1., ..., -1., -1., -1.],
         [-1., -1., -1., ..., -1., -1., -1.],
         [-1., -1., -1., ..., -1., -1., -1.]]]], dtype=float32), array([[[[-1., -1., -1., ..., -1., -1., -1.],
         [-1., -1., -1., ..., -1., -1., -1.],
         [-1., -1., -1., ..., -1., -1., -1.],
         ...,
         [-1., -1., -1., ..., -1., -1., -1.],
         [-1., -1., -1., ..., -1., -1., -1.],
         [-1., -1., -1., ..., -1., -1., -1.]],

        [[-1., -1., -1., ..., -1., -1., -1.],
         [-1., -1., -1., ..., -1., -1., -1.],
         [-1., -1., -1., ..., -1., -1., -1.],
         ...,
         [-1., -1., -1., ..., -1., -1., -1.],
         [-1., -1., -1., ..., -1., -1., -1.],
         [-1., -1., -1., ..., -1., -1., -1.]],

        [[-1., -1., -1., ..., -1., -1., -1.],
         [-1., -1., -1., ..., -1., -1., -1.],
         [-1., -1., -1., ..., -1., -1., -1.],
         ...,
         [-1., -1., -1., ..., -1., -1., -1.],
         [-1., -1., -1., ..., -1., -1., -1.],
         [-1., -1., -1., ..., -1., -1., -1.]]]], dtype=float32), array([[[[-1., -1., -1., ..., -1., -1., -1.],
         [-1., -1., -1., ..., -1., -1., -1.],
         [-1., -1., -1., ..., -1., -1., -1.],
         ...,
         [-1., -1., -1., ..., -1., -1., -1.],
         [-1., -1., -1., ..., -1., -1., -1.],
         [-1., -1., -1., ..., -1., -1., -1.]],

        [[-1., -1., -1., ..., -1., -1., -1.],
         [-1., -1., -1., ..., -1., -1., -1.],
         [-1., -1., -1., ..., -1., -1., -1.],
         ...,
         [-1., -1., -1., ..., -1., -1., -1.],
         [-1., -1., -1., ..., -1., -1., -1.],
         [-1., -1., -1., ..., -1., -1., -1.]],

        [[-1., -1., -1., ..., -1., -1., -1.],
         [-1., -1., -1., ..., -1., -1., -1.],
         [-1., -1., -1., ..., -1., -1., -1.],
         ...,
         [-1., -1., -1., ..., -1., -1., -1.],
         [-1., -1., -1., ..., -1., -1., -1.],
         [-1., -1., -1., ..., -1., -1., -1.]]]], dtype=float32), array([[[[-1., -1., -1., ..., -1., -1., -1.],
         [-1., -1., -1., ..., -1., -1., -1.],
         [-1., -1., -1., ..., -1., -1., -1.],
         ...,
         [-1., -1., -1., ..., -1., -1., -1.],
         [-1., -1., -1., ..., -1., -1., -1.],
         [-1., -1., -1., ..., -1., -1., -1.]],

        [[-1., -1., -1., ..., -1., -1., -1.],
         [-1., -1., -1., ..., -1., -1., -1.],
         [-1., -1., -1., ..., -1., -1., -1.],
         ...,
         [-1., -1., -1., ..., -1., -1., -1.],
         [-1., -1., -1., ..., -1., -1., -1.],
         [-1., -1., -1., ..., -1., -1., -1.]],

        [[-1., -1., -1., ..., -1., -1., -1.],
         [-1., -1., -1., ..., -1., -1., -1.],
         [-1., -1., -1., ..., -1., -1., -1.],
         ...,
         [-1., -1., -1., ..., -1., -1., -1.],
         [-1., -1., -1., ..., -1., -1., -1.],
         [-1., -1., -1., ..., -1., -1., -1.]]]], dtype=float32), array([[[[-1., -1., -1., ..., -1., -1., -1.],
         [-1., -1., -1., ..., -1., -1., -1.],
         [-1., -1., -1., ..., -1., -1., -1.],
         ...,
         [-1., -1., -1., ..., -1., -1., -1.],
         [-1., -1., -1., ..., -1., -1., -1.],
         [-1., -1., -1., ..., -1., -1., -1.]],

        [[-1., -1., -1., ..., -1., -1., -1.],
         [-1., -1., -1., ..., -1., -1., -1.],
         [-1., -1., -1., ..., -1., -1., -1.],
         ...,
         [-1., -1., -1., ..., -1., -1., -1.],
         [-1., -1., -1., ..., -1., -1., -1.],
         [-1., -1., -1., ..., -1., -1., -1.]],

        [[-1., -1., -1., ..., -1., -1., -1.],
         [-1., -1., -1., ..., -1., -1., -1.],
         [-1., -1., -1., ..., -1., -1., -1.],
         ...,
         [-1., -1., -1., ..., -1., -1., -1.],
         [-1., -1., -1., ..., -1., -1., -1.],
         [-1., -1., -1., ..., -1., -1., -1.]]]], dtype=float32), array([[[[-1., -1., -1., ..., -1., -1., -1.],
         [-1., -1., -1., ..., -1., -1., -1.],
         [-1., -1., -1., ..., -1., -1., -1.],
         ...,
         [-1., -1., -1., ..., -1., -1., -1.],
         [-1., -1., -1., ..., -1., -1., -1.],
         [-1., -1., -1., ..., -1., -1., -1.]],

        [[-1., -1., -1., ..., -1., -1., -1.],
         [-1., -1., -1., ..., -1., -1., -1.],
         [-1., -1., -1., ..., -1., -1., -1.],
         ...,
         [-1., -1., -1., ..., -1., -1., -1.],
         [-1., -1., -1., ..., -1., -1., -1.],
         [-1., -1., -1., ..., -1., -1., -1.]],

        [[-1., -1., -1., ..., -1., -1., -1.],
         [-1., -1., -1., ..., -1., -1., -1.],
         [-1., -1., -1., ..., -1., -1., -1.],
         ...,
         [-1., -1., -1., ..., -1., -1., -1.],
         [-1., -1., -1., ..., -1., -1., -1.],
         [-1., -1., -1., ..., -1., -1., -1.]]]], dtype=float32), array([[[[-1., -1., -1., ..., -1., -1., -1.],
         [-1., -1., -1., ..., -1., -1., -1.],
         [-1., -1., -1., ..., -1., -1., -1.],
         ...,
         [-1., -1., -1., ..., -1., -1., -1.],
         [-1., -1., -1., ..., -1., -1., -1.],
         [-1., -1., -1., ..., -1., -1., -1.]],

        [[-1., -1., -1., ..., -1., -1., -1.],
         [-1., -1., -1., ..., -1., -1., -1.],
         [-1., -1., -1., ..., -1., -1., -1.],
         ...,
         [-1., -1., -1., ..., -1., -1., -1.],
         [-1., -1., -1., ..., -1., -1., -1.],
         [-1., -1., -1., ..., -1., -1., -1.]],

        [[-1., -1., -1., ..., -1., -1., -1.],
         [-1., -1., -1., ..., -1., -1., -1.],
         [-1., -1., -1., ..., -1., -1., -1.],
         ...,
         [-1., -1., -1., ..., -1., -1., -1.],
         [-1., -1., -1., ..., -1., -1., -1.],
         [-1., -1., -1., ..., -1., -1., -1.]]]], dtype=float32), array([[[[-1., -1., -1., ..., -1., -1., -1.],
         [-1., -1., -1., ..., -1., -1., -1.],
         [-1., -1., -1., ..., -1., -1., -1.],
         ...,
         [-1., -1., -1., ..., -1., -1., -1.],
         [-1., -1., -1., ..., -1., -1., -1.],
         [-1., -1., -1., ..., -1., -1., -1.]],

        [[-1., -1., -1., ..., -1., -1., -1.],
         [-1., -1., -1., ..., -1., -1., -1.],
         [-1., -1., -1., ..., -1., -1., -1.],
         ...,
         [-1., -1., -1., ..., -1., -1., -1.],
         [-1., -1., -1., ..., -1., -1., -1.],
         [-1., -1., -1., ..., -1., -1., -1.]],

        [[-1., -1., -1., ..., -1., -1., -1.],
         [-1., -1., -1., ..., -1., -1., -1.],
         [-1., -1., -1., ..., -1., -1., -1.],
         ...,
         [-1., -1., -1., ..., -1., -1., -1.],
         [-1., -1., -1., ..., -1., -1., -1.],
         [-1., -1., -1., ..., -1., -1., -1.]]]], dtype=float32), array([[[[-1., -1., -1., ..., -1., -1., -1.],
         [-1., -1., -1., ..., -1., -1., -1.],
         [-1., -1., -1., ..., -1., -1., -1.],
         ...,
         [-1., -1., -1., ..., -1., -1., -1.],
         [-1., -1., -1., ..., -1., -1., -1.],
         [-1., -1., -1., ..., -1., -1., -1.]],

        [[-1., -1., -1., ..., -1., -1., -1.],
         [-1., -1., -1., ..., -1., -1., -1.],
         [-1., -1., -1., ..., -1., -1., -1.],
         ...,
         [-1., -1., -1., ..., -1., -1., -1.],
         [-1., -1., -1., ..., -1., -1., -1.],
         [-1., -1., -1., ..., -1., -1., -1.]],

        [[-1., -1., -1., ..., -1., -1., -1.],
         [-1., -1., -1., ..., -1., -1., -1.],
         [-1., -1., -1., ..., -1., -1., -1.],
         ...,
         [-1., -1., -1., ..., -1., -1., -1.],
         [-1., -1., -1., ..., -1., -1., -1.],
         [-1., -1., -1., ..., -1., -1., -1.]]]], dtype=float32), array([[[[-1., -1., -1., ..., -1., -1., -1.],
         [-1., -1., -1., ..., -1., -1., -1.],
         [-1., -1., -1., ..., -1., -1., -1.],
         ...,
         [-1., -1., -1., ..., -1., -1., -1.],
         [-1., -1., -1., ..., -1., -1., -1.],
         [-1., -1., -1., ..., -1., -1., -1.]],

        [[-1., -1., -1., ..., -1., -1., -1.],
         [-1., -1., -1., ..., -1., -1., -1.],
         [-1., -1., -1., ..., -1., -1., -1.],
         ...,
         [-1., -1., -1., ..., -1., -1., -1.],
         [-1., -1., -1., ..., -1., -1., -1.],
         [-1., -1., -1., ..., -1., -1., -1.]],

        [[-1., -1., -1., ..., -1., -1., -1.],
         [-1., -1., -1., ..., -1., -1., -1.],
         [-1., -1., -1., ..., -1., -1., -1.],
         ...,
         [-1., -1., -1., ..., -1., -1., -1.],
         [-1., -1., -1., ..., -1., -1., -1.],
         [-1., -1., -1., ..., -1., -1., -1.]]]], dtype=float32), array([[[[-1., -1., -1., ..., -1., -1., -1.],
         [-1., -1., -1., ..., -1., -1., -1.],
         [-1., -1., -1., ..., -1., -1., -1.],
         ...,
         [-1., -1., -1., ..., -1., -1., -1.],
         [-1., -1., -1., ..., -1., -1., -1.],
         [-1., -1., -1., ..., -1., -1., -1.]],

        [[-1., -1., -1., ..., -1., -1., -1.],
         [-1., -1., -1., ..., -1., -1., -1.],
         [-1., -1., -1., ..., -1., -1., -1.],
         ...,
         [-1., -1., -1., ..., -1., -1., -1.],
         [-1., -1., -1., ..., -1., -1., -1.],
         [-1., -1., -1., ..., -1., -1., -1.]],

        [[-1., -1., -1., ..., -1., -1., -1.],
         [-1., -1., -1., ..., -1., -1., -1.],
         [-1., -1., -1., ..., -1., -1., -1.],
         ...,
         [-1., -1., -1., ..., -1., -1., -1.],
         [-1., -1., -1., ..., -1., -1., -1.],
         [-1., -1., -1., ..., -1., -1., -1.]]]], dtype=float32), array([[[[-1., -1., -1., ..., -1., -1., -1.],
         [-1., -1., -1., ..., -1., -1., -1.],
         [-1., -1., -1., ..., -1., -1., -1.],
         ...,
         [-1., -1., -1., ..., -1., -1., -1.],
         [-1., -1., -1., ..., -1., -1., -1.],
         [-1., -1., -1., ..., -1., -1., -1.]],

        [[-1., -1., -1., ..., -1., -1., -1.],
         [-1., -1., -1., ..., -1., -1., -1.],
         [-1., -1., -1., ..., -1., -1., -1.],
         ...,
         [-1., -1., -1., ..., -1., -1., -1.],
         [-1., -1., -1., ..., -1., -1., -1.],
         [-1., -1., -1., ..., -1., -1., -1.]],

        [[-1., -1., -1., ..., -1., -1., -1.],
         [-1., -1., -1., ..., -1., -1., -1.],
         [-1., -1., -1., ..., -1., -1., -1.],
         ...,
         [-1., -1., -1., ..., -1., -1., -1.],
         [-1., -1., -1., ..., -1., -1., -1.],
         [-1., -1., -1., ..., -1., -1., -1.]]]], dtype=float32), array([[[[-1., -1., -1., ..., -1., -1., -1.],
         [-1., -1., -1., ..., -1., -1., -1.],
         [-1., -1., -1., ..., -1., -1., -1.],
         ...,
         [-1., -1., -1., ..., -1., -1., -1.],
         [-1., -1., -1., ..., -1., -1., -1.],
         [-1., -1., -1., ..., -1., -1., -1.]],

        [[-1., -1., -1., ..., -1., -1., -1.],
         [-1., -1., -1., ..., -1., -1., -1.],
         [-1., -1., -1., ..., -1., -1., -1.],
         ...,
         [-1., -1., -1., ..., -1., -1., -1.],
         [-1., -1., -1., ..., -1., -1., -1.],
         [-1., -1., -1., ..., -1., -1., -1.]],

        [[-1., -1., -1., ..., -1., -1., -1.],
         [-1., -1., -1., ..., -1., -1., -1.],
         [-1., -1., -1., ..., -1., -1., -1.],
         ...,
         [-1., -1., -1., ..., -1., -1., -1.],
         [-1., -1., -1., ..., -1., -1., -1.],
         [-1., -1., -1., ..., -1., -1., -1.]]]], dtype=float32), array([[[[-1., -1., -1., ..., -1., -1., -1.],
         [-1., -1., -1., ..., -1., -1., -1.],
         [-1., -1., -1., ..., -1., -1., -1.],
         ...,
         [-1., -1., -1., ..., -1., -1., -1.],
         [-1., -1., -1., ..., -1., -1., -1.],
         [-1., -1., -1., ..., -1., -1., -1.]],

        [[-1., -1., -1., ..., -1., -1., -1.],
         [-1., -1., -1., ..., -1., -1., -1.],
         [-1., -1., -1., ..., -1., -1., -1.],
         ...,
         [-1., -1., -1., ..., -1., -1., -1.],
         [-1., -1., -1., ..., -1., -1., -1.],
         [-1., -1., -1., ..., -1., -1., -1.]],

        [[-1., -1., -1., ..., -1., -1., -1.],
         [-1., -1., -1., ..., -1., -1., -1.],
         [-1., -1., -1., ..., -1., -1., -1.],
         ...,
         [-1., -1., -1., ..., -1., -1., -1.],
         [-1., -1., -1., ..., -1., -1., -1.],
         [-1., -1., -1., ..., -1., -1., -1.]]]], dtype=float32), array([[[[-1., -1., -1., ..., -1., -1., -1.],
         [-1., -1., -1., ..., -1., -1., -1.],
         [-1., -1., -1., ..., -1., -1., -1.],
         ...,
         [-1., -1., -1., ..., -1., -1., -1.],
         [-1., -1., -1., ..., -1., -1., -1.],
         [-1., -1., -1., ..., -1., -1., -1.]],

        [[-1., -1., -1., ..., -1., -1., -1.],
         [-1., -1., -1., ..., -1., -1., -1.],
         [-1., -1., -1., ..., -1., -1., -1.],
         ...,
         [-1., -1., -1., ..., -1., -1., -1.],
         [-1., -1., -1., ..., -1., -1., -1.],
         [-1., -1., -1., ..., -1., -1., -1.]],

        [[-1., -1., -1., ..., -1., -1., -1.],
         [-1., -1., -1., ..., -1., -1., -1.],
         [-1., -1., -1., ..., -1., -1., -1.],
         ...,
         [-1., -1., -1., ..., -1., -1., -1.],
         [-1., -1., -1., ..., -1., -1., -1.],
         [-1., -1., -1., ..., -1., -1., -1.]]]], dtype=float32), array([[[[-1., -1., -1., ..., -1., -1., -1.],
         [-1., -1., -1., ..., -1., -1., -1.],
         [-1., -1., -1., ..., -1., -1., -1.],
         ...,
         [-1., -1., -1., ..., -1., -1., -1.],
         [-1., -1., -1., ..., -1., -1., -1.],
         [-1., -1., -1., ..., -1., -1., -1.]],

        [[-1., -1., -1., ..., -1., -1., -1.],
         [-1., -1., -1., ..., -1., -1., -1.],
         [-1., -1., -1., ..., -1., -1., -1.],
         ...,
         [-1., -1., -1., ..., -1., -1., -1.],
         [-1., -1., -1., ..., -1., -1., -1.],
         [-1., -1., -1., ..., -1., -1., -1.]],

        [[-1., -1., -1., ..., -1., -1., -1.],
         [-1., -1., -1., ..., -1., -1., -1.],
         [-1., -1., -1., ..., -1., -1., -1.],
         ...,
         [-1., -1., -1., ..., -1., -1., -1.],
         [-1., -1., -1., ..., -1., -1., -1.],
         [-1., -1., -1., ..., -1., -1., -1.]]]], dtype=float32), array([[[[-1., -1., -1., ..., -1., -1., -1.],
         [-1., -1., -1., ..., -1., -1., -1.],
         [-1., -1., -1., ..., -1., -1., -1.],
         ...,
         [-1., -1., -1., ..., -1., -1., -1.],
         [-1., -1., -1., ..., -1., -1., -1.],
         [-1., -1., -1., ..., -1., -1., -1.]],

        [[-1., -1., -1., ..., -1., -1., -1.],
         [-1., -1., -1., ..., -1., -1., -1.],
         [-1., -1., -1., ..., -1., -1., -1.],
         ...,
         [-1., -1., -1., ..., -1., -1., -1.],
         [-1., -1., -1., ..., -1., -1., -1.],
         [-1., -1., -1., ..., -1., -1., -1.]],

        [[-1., -1., -1., ..., -1., -1., -1.],
         [-1., -1., -1., ..., -1., -1., -1.],
         [-1., -1., -1., ..., -1., -1., -1.],
         ...,
         [-1., -1., -1., ..., -1., -1., -1.],
         [-1., -1., -1., ..., -1., -1., -1.],
         [-1., -1., -1., ..., -1., -1., -1.]]]], dtype=float32), array([[[[-1., -1., -1., ..., -1., -1., -1.],
         [-1., -1., -1., ..., -1., -1., -1.],
         [-1., -1., -1., ..., -1., -1., -1.],
         ...,
         [-1., -1., -1., ..., -1., -1., -1.],
         [-1., -1., -1., ..., -1., -1., -1.],
         [-1., -1., -1., ..., -1., -1., -1.]],

        [[-1., -1., -1., ..., -1., -1., -1.],
         [-1., -1., -1., ..., -1., -1., -1.],
         [-1., -1., -1., ..., -1., -1., -1.],
         ...,
         [-1., -1., -1., ..., -1., -1., -1.],
         [-1., -1., -1., ..., -1., -1., -1.],
         [-1., -1., -1., ..., -1., -1., -1.]],

        [[-1., -1., -1., ..., -1., -1., -1.],
         [-1., -1., -1., ..., -1., -1., -1.],
         [-1., -1., -1., ..., -1., -1., -1.],
         ...,
         [-1., -1., -1., ..., -1., -1., -1.],
         [-1., -1., -1., ..., -1., -1., -1.],
         [-1., -1., -1., ..., -1., -1., -1.]]]], dtype=float32), array([[[[-1., -1., -1., ..., -1., -1., -1.],
         [-1., -1., -1., ..., -1., -1., -1.],
         [-1., -1., -1., ..., -1., -1., -1.],
         ...,
         [-1., -1., -1., ..., -1., -1., -1.],
         [-1., -1., -1., ..., -1., -1., -1.],
         [-1., -1., -1., ..., -1., -1., -1.]],

        [[-1., -1., -1., ..., -1., -1., -1.],
         [-1., -1., -1., ..., -1., -1., -1.],
         [-1., -1., -1., ..., -1., -1., -1.],
         ...,
         [-1., -1., -1., ..., -1., -1., -1.],
         [-1., -1., -1., ..., -1., -1., -1.],
         [-1., -1., -1., ..., -1., -1., -1.]],

        [[-1., -1., -1., ..., -1., -1., -1.],
         [-1., -1., -1., ..., -1., -1., -1.],
         [-1., -1., -1., ..., -1., -1., -1.],
         ...,
         [-1., -1., -1., ..., -1., -1., -1.],
         [-1., -1., -1., ..., -1., -1., -1.],
         [-1., -1., -1., ..., -1., -1., -1.]]]], dtype=float32), array([[[[-1., -1., -1., ..., -1., -1., -1.],
         [-1., -1., -1., ..., -1., -1., -1.],
         [-1., -1., -1., ..., -1., -1., -1.],
         ...,
         [-1., -1., -1., ..., -1., -1., -1.],
         [-1., -1., -1., ..., -1., -1., -1.],
         [-1., -1., -1., ..., -1., -1., -1.]],

        [[-1., -1., -1., ..., -1., -1., -1.],
         [-1., -1., -1., ..., -1., -1., -1.],
         [-1., -1., -1., ..., -1., -1., -1.],
         ...,
         [-1., -1., -1., ..., -1., -1., -1.],
         [-1., -1., -1., ..., -1., -1., -1.],
         [-1., -1., -1., ..., -1., -1., -1.]],

        [[-1., -1., -1., ..., -1., -1., -1.],
         [-1., -1., -1., ..., -1., -1., -1.],
         [-1., -1., -1., ..., -1., -1., -1.],
         ...,
         [-1., -1., -1., ..., -1., -1., -1.],
         [-1., -1., -1., ..., -1., -1., -1.],
         [-1., -1., -1., ..., -1., -1., -1.]]]], dtype=float32), array([[[[-1., -1., -1., ..., -1., -1., -1.],
         [-1., -1., -1., ..., -1., -1., -1.],
         [-1., -1., -1., ..., -1., -1., -1.],
         ...,
         [-1., -1., -1., ..., -1., -1., -1.],
         [-1., -1., -1., ..., -1., -1., -1.],
         [-1., -1., -1., ..., -1., -1., -1.]],

        [[-1., -1., -1., ..., -1., -1., -1.],
         [-1., -1., -1., ..., -1., -1., -1.],
         [-1., -1., -1., ..., -1., -1., -1.],
         ...,
         [-1., -1., -1., ..., -1., -1., -1.],
         [-1., -1., -1., ..., -1., -1., -1.],
         [-1., -1., -1., ..., -1., -1., -1.]],

        [[-1., -1., -1., ..., -1., -1., -1.],
         [-1., -1., -1., ..., -1., -1., -1.],
         [-1., -1., -1., ..., -1., -1., -1.],
         ...,
         [-1., -1., -1., ..., -1., -1., -1.],
         [-1., -1., -1., ..., -1., -1., -1.],
         [-1., -1., -1., ..., -1., -1., -1.]]]], dtype=float32), array([[[[-1., -1., -1., ..., -1., -1., -1.],
         [-1., -1., -1., ..., -1., -1., -1.],
         [-1., -1., -1., ..., -1., -1., -1.],
         ...,
         [-1., -1., -1., ..., -1., -1., -1.],
         [-1., -1., -1., ..., -1., -1., -1.],
         [-1., -1., -1., ..., -1., -1., -1.]],

        [[-1., -1., -1., ..., -1., -1., -1.],
         [-1., -1., -1., ..., -1., -1., -1.],
         [-1., -1., -1., ..., -1., -1., -1.],
         ...,
         [-1., -1., -1., ..., -1., -1., -1.],
         [-1., -1., -1., ..., -1., -1., -1.],
         [-1., -1., -1., ..., -1., -1., -1.]],

        [[-1., -1., -1., ..., -1., -1., -1.],
         [-1., -1., -1., ..., -1., -1., -1.],
         [-1., -1., -1., ..., -1., -1., -1.],
         ...,
         [-1., -1., -1., ..., -1., -1., -1.],
         [-1., -1., -1., ..., -1., -1., -1.],
         [-1., -1., -1., ..., -1., -1., -1.]]]], dtype=float32), array([[[[-1., -1., -1., ..., -1., -1., -1.],
         [-1., -1., -1., ..., -1., -1., -1.],
         [-1., -1., -1., ..., -1., -1., -1.],
         ...,
         [-1., -1., -1., ..., -1., -1., -1.],
         [-1., -1., -1., ..., -1., -1., -1.],
         [-1., -1., -1., ..., -1., -1., -1.]],

        [[-1., -1., -1., ..., -1., -1., -1.],
         [-1., -1., -1., ..., -1., -1., -1.],
         [-1., -1., -1., ..., -1., -1., -1.],
         ...,
         [-1., -1., -1., ..., -1., -1., -1.],
         [-1., -1., -1., ..., -1., -1., -1.],
         [-1., -1., -1., ..., -1., -1., -1.]],

        [[-1., -1., -1., ..., -1., -1., -1.],
         [-1., -1., -1., ..., -1., -1., -1.],
         [-1., -1., -1., ..., -1., -1., -1.],
         ...,
         [-1., -1., -1., ..., -1., -1., -1.],
         [-1., -1., -1., ..., -1., -1., -1.],
         [-1., -1., -1., ..., -1., -1., -1.]]]], dtype=float32), array([[[[-1., -1., -1., ..., -1., -1., -1.],
         [-1., -1., -1., ..., -1., -1., -1.],
         [-1., -1., -1., ..., -1., -1., -1.],
         ...,
         [-1., -1., -1., ..., -1., -1., -1.],
         [-1., -1., -1., ..., -1., -1., -1.],
         [-1., -1., -1., ..., -1., -1., -1.]],

        [[-1., -1., -1., ..., -1., -1., -1.],
         [-1., -1., -1., ..., -1., -1., -1.],
         [-1., -1., -1., ..., -1., -1., -1.],
         ...,
         [-1., -1., -1., ..., -1., -1., -1.],
         [-1., -1., -1., ..., -1., -1., -1.],
         [-1., -1., -1., ..., -1., -1., -1.]],

        [[-1., -1., -1., ..., -1., -1., -1.],
         [-1., -1., -1., ..., -1., -1., -1.],
         [-1., -1., -1., ..., -1., -1., -1.],
         ...,
         [-1., -1., -1., ..., -1., -1., -1.],
         [-1., -1., -1., ..., -1., -1., -1.],
         [-1., -1., -1., ..., -1., -1., -1.]]]], dtype=float32), array([[[[-1., -1., -1., ..., -1., -1., -1.],
         [-1., -1., -1., ..., -1., -1., -1.],
         [-1., -1., -1., ..., -1., -1., -1.],
         ...,
         [-1., -1., -1., ..., -1., -1., -1.],
         [-1., -1., -1., ..., -1., -1., -1.],
         [-1., -1., -1., ..., -1., -1., -1.]],

        [[-1., -1., -1., ..., -1., -1., -1.],
         [-1., -1., -1., ..., -1., -1., -1.],
         [-1., -1., -1., ..., -1., -1., -1.],
         ...,
         [-1., -1., -1., ..., -1., -1., -1.],
         [-1., -1., -1., ..., -1., -1., -1.],
         [-1., -1., -1., ..., -1., -1., -1.]],

        [[-1., -1., -1., ..., -1., -1., -1.],
         [-1., -1., -1., ..., -1., -1., -1.],
         [-1., -1., -1., ..., -1., -1., -1.],
         ...,
         [-1., -1., -1., ..., -1., -1., -1.],
         [-1., -1., -1., ..., -1., -1., -1.],
         [-1., -1., -1., ..., -1., -1., -1.]]]], dtype=float32), array([[[[-1., -1., -1., ..., -1., -1., -1.],
         [-1., -1., -1., ..., -1., -1., -1.],
         [-1., -1., -1., ..., -1., -1., -1.],
         ...,
         [-1., -1., -1., ..., -1., -1., -1.],
         [-1., -1., -1., ..., -1., -1., -1.],
         [-1., -1., -1., ..., -1., -1., -1.]],

        [[-1., -1., -1., ..., -1., -1., -1.],
         [-1., -1., -1., ..., -1., -1., -1.],
         [-1., -1., -1., ..., -1., -1., -1.],
         ...,
         [-1., -1., -1., ..., -1., -1., -1.],
         [-1., -1., -1., ..., -1., -1., -1.],
         [-1., -1., -1., ..., -1., -1., -1.]],

        [[-1., -1., -1., ..., -1., -1., -1.],
         [-1., -1., -1., ..., -1., -1., -1.],
         [-1., -1., -1., ..., -1., -1., -1.],
         ...,
         [-1., -1., -1., ..., -1., -1., -1.],
         [-1., -1., -1., ..., -1., -1., -1.],
         [-1., -1., -1., ..., -1., -1., -1.]]]], dtype=float32), array([[[[-1., -1., -1., ..., -1., -1., -1.],
         [-1., -1., -1., ..., -1., -1., -1.],
         [-1., -1., -1., ..., -1., -1., -1.],
         ...,
         [-1., -1., -1., ..., -1., -1., -1.],
         [-1., -1., -1., ..., -1., -1., -1.],
         [-1., -1., -1., ..., -1., -1., -1.]],

        [[-1., -1., -1., ..., -1., -1., -1.],
         [-1., -1., -1., ..., -1., -1., -1.],
         [-1., -1., -1., ..., -1., -1., -1.],
         ...,
         [-1., -1., -1., ..., -1., -1., -1.],
         [-1., -1., -1., ..., -1., -1., -1.],
         [-1., -1., -1., ..., -1., -1., -1.]],

        [[-1., -1., -1., ..., -1., -1., -1.],
         [-1., -1., -1., ..., -1., -1., -1.],
         [-1., -1., -1., ..., -1., -1., -1.],
         ...,
         [-1., -1., -1., ..., -1., -1., -1.],
         [-1., -1., -1., ..., -1., -1., -1.],
         [-1., -1., -1., ..., -1., -1., -1.]]]], dtype=float32), array([[[[-1., -1., -1., ..., -1., -1., -1.],
         [-1., -1., -1., ..., -1., -1., -1.],
         [-1., -1., -1., ..., -1., -1., -1.],
         ...,
         [-1., -1., -1., ..., -1., -1., -1.],
         [-1., -1., -1., ..., -1., -1., -1.],
         [-1., -1., -1., ..., -1., -1., -1.]],

        [[-1., -1., -1., ..., -1., -1., -1.],
         [-1., -1., -1., ..., -1., -1., -1.],
         [-1., -1., -1., ..., -1., -1., -1.],
         ...,
         [-1., -1., -1., ..., -1., -1., -1.],
         [-1., -1., -1., ..., -1., -1., -1.],
         [-1., -1., -1., ..., -1., -1., -1.]],

        [[-1., -1., -1., ..., -1., -1., -1.],
         [-1., -1., -1., ..., -1., -1., -1.],
         [-1., -1., -1., ..., -1., -1., -1.],
         ...,
         [-1., -1., -1., ..., -1., -1., -1.],
         [-1., -1., -1., ..., -1., -1., -1.],
         [-1., -1., -1., ..., -1., -1., -1.]]]], dtype=float32), array([[[[127., 127., 127., ..., 125., 120.,  45.],
         [127., 127., 127., ..., 125., 121.,  45.],
         [127., 127., 127., ..., 126., 120.,  45.],
         ...,
         [127., 127., 127., ..., 125., 117.,  49.],
         [121., 120., 120., ..., 120., 113.,  47.],
         [ 50.,  49.,  49., ...,  51.,  46., -18.]],

        [[127., 127., 127., ..., 123., 119.,  43.],
         [127., 127., 127., ..., 123., 119.,  43.],
         [127., 127., 127., ..., 124., 118.,  43.],
         ...,
         [125., 125., 125., ..., 123., 115.,  47.],
         [119., 118., 118., ..., 118., 112.,  45.],
         [ 48.,  47.,  47., ...,  49.,  44., -20.]],

        [[125., 125., 125., ..., 124., 120.,  44.],
         [125., 125., 125., ..., 124., 119.,  44.],
         [125., 125., 125., ..., 125., 120.,  44.],
         ...,
         [126., 126., 126., ..., 124., 116.,  48.],
         [120., 119., 119., ..., 119., 113.,  46.],
         [ 49.,  48.,  48., ...,  50.,  45., -19.]]]], dtype=float32), array([[[[-1., -1., -1., ..., -1., -1., -1.],
         [-1., -1., -1., ..., -1., -1., -1.],
         [-1., -1., -1., ..., -1., -1., -1.],
         ...,
         [-1., -1., -1., ..., -1., -1., -1.],
         [-1., -1., -1., ..., -1., -1., -1.],
         [-1., -1., -1., ..., -1., -1., -1.]],

        [[-1., -1., -1., ..., -1., -1., -1.],
         [-1., -1., -1., ..., -1., -1., -1.],
         [-1., -1., -1., ..., -1., -1., -1.],
         ...,
         [-1., -1., -1., ..., -1., -1., -1.],
         [-1., -1., -1., ..., -1., -1., -1.],
         [-1., -1., -1., ..., -1., -1., -1.]],

        [[-1., -1., -1., ..., -1., -1., -1.],
         [-1., -1., -1., ..., -1., -1., -1.],
         [-1., -1., -1., ..., -1., -1., -1.],
         ...,
         [-1., -1., -1., ..., -1., -1., -1.],
         [-1., -1., -1., ..., -1., -1., -1.],
         [-1., -1., -1., ..., -1., -1., -1.]]]], dtype=float32), array([[[[-1., -1., -1., ..., -1., -1., -1.],
         [-1., -1., -1., ..., -1., -1., -1.],
         [-1., -1., -1., ..., -1., -1., -1.],
         ...,
         [-1., -1., -1., ..., -1., -1., -1.],
         [-1., -1., -1., ..., -1., -1., -1.],
         [-1., -1., -1., ..., -1., -1., -1.]],

        [[-1., -1., -1., ..., -1., -1., -1.],
         [-1., -1., -1., ..., -1., -1., -1.],
         [-1., -1., -1., ..., -1., -1., -1.],
         ...,
         [-1., -1., -1., ..., -1., -1., -1.],
         [-1., -1., -1., ..., -1., -1., -1.],
         [-1., -1., -1., ..., -1., -1., -1.]],

        [[-1., -1., -1., ..., -1., -1., -1.],
         [-1., -1., -1., ..., -1., -1., -1.],
         [-1., -1., -1., ..., -1., -1., -1.],
         ...,
         [-1., -1., -1., ..., -1., -1., -1.],
         [-1., -1., -1., ..., -1., -1., -1.],
         [-1., -1., -1., ..., -1., -1., -1.]]]], dtype=float32), array([[[[-1., -1., -1., ..., -1., -1., -1.],
         [-1., -1., -1., ..., -1., -1., -1.],
         [-1., -1., -1., ..., -1., -1., -1.],
         ...,
         [-1., -1., -1., ..., -1., -1., -1.],
         [-1., -1., -1., ..., -1., -1., -1.],
         [-1., -1., -1., ..., -1., -1., -1.]],

        [[-1., -1., -1., ..., -1., -1., -1.],
         [-1., -1., -1., ..., -1., -1., -1.],
         [-1., -1., -1., ..., -1., -1., -1.],
         ...,
         [-1., -1., -1., ..., -1., -1., -1.],
         [-1., -1., -1., ..., -1., -1., -1.],
         [-1., -1., -1., ..., -1., -1., -1.]],

        [[-1., -1., -1., ..., -1., -1., -1.],
         [-1., -1., -1., ..., -1., -1., -1.],
         [-1., -1., -1., ..., -1., -1., -1.],
         ...,
         [-1., -1., -1., ..., -1., -1., -1.],
         [-1., -1., -1., ..., -1., -1., -1.],
         [-1., -1., -1., ..., -1., -1., -1.]]]], dtype=float32), array([[[[-1., -1., -1., ..., -1., -1., -1.],
         [-1., -1., -1., ..., -1., -1., -1.],
         [-1., -1., -1., ..., -1., -1., -1.],
         ...,
         [-1., -1., -1., ..., -1., -1., -1.],
         [-1., -1., -1., ..., -1., -1., -1.],
         [-1., -1., -1., ..., -1., -1., -1.]],

        [[-1., -1., -1., ..., -1., -1., -1.],
         [-1., -1., -1., ..., -1., -1., -1.],
         [-1., -1., -1., ..., -1., -1., -1.],
         ...,
         [-1., -1., -1., ..., -1., -1., -1.],
         [-1., -1., -1., ..., -1., -1., -1.],
         [-1., -1., -1., ..., -1., -1., -1.]],

        [[-1., -1., -1., ..., -1., -1., -1.],
         [-1., -1., -1., ..., -1., -1., -1.],
         [-1., -1., -1., ..., -1., -1., -1.],
         ...,
         [-1., -1., -1., ..., -1., -1., -1.],
         [-1., -1., -1., ..., -1., -1., -1.],
         [-1., -1., -1., ..., -1., -1., -1.]]]], dtype=float32), array([[[[-1., -1., -1., ..., -1., -1., -1.],
         [-1., -1., -1., ..., -1., -1., -1.],
         [-1., -1., -1., ..., -1., -1., -1.],
         ...,
         [-1., -1., -1., ..., -1., -1., -1.],
         [-1., -1., -1., ..., -1., -1., -1.],
         [-1., -1., -1., ..., -1., -1., -1.]],

        [[-1., -1., -1., ..., -1., -1., -1.],
         [-1., -1., -1., ..., -1., -1., -1.],
         [-1., -1., -1., ..., -1., -1., -1.],
         ...,
         [-1., -1., -1., ..., -1., -1., -1.],
         [-1., -1., -1., ..., -1., -1., -1.],
         [-1., -1., -1., ..., -1., -1., -1.]],

        [[-1., -1., -1., ..., -1., -1., -1.],
         [-1., -1., -1., ..., -1., -1., -1.],
         [-1., -1., -1., ..., -1., -1., -1.],
         ...,
         [-1., -1., -1., ..., -1., -1., -1.],
         [-1., -1., -1., ..., -1., -1., -1.],
         [-1., -1., -1., ..., -1., -1., -1.]]]], dtype=float32), array([[[[-1., -1., -1., ..., -1., -1., -1.],
         [-1., -1., -1., ..., -1., -1., -1.],
         [-1., -1., -1., ..., -1., -1., -1.],
         ...,
         [-1., -1., -1., ..., -1., -1., -1.],
         [-1., -1., -1., ..., -1., -1., -1.],
         [-1., -1., -1., ..., -1., -1., -1.]],

        [[-1., -1., -1., ..., -1., -1., -1.],
         [-1., -1., -1., ..., -1., -1., -1.],
         [-1., -1., -1., ..., -1., -1., -1.],
         ...,
         [-1., -1., -1., ..., -1., -1., -1.],
         [-1., -1., -1., ..., -1., -1., -1.],
         [-1., -1., -1., ..., -1., -1., -1.]],

        [[-1., -1., -1., ..., -1., -1., -1.],
         [-1., -1., -1., ..., -1., -1., -1.],
         [-1., -1., -1., ..., -1., -1., -1.],
         ...,
         [-1., -1., -1., ..., -1., -1., -1.],
         [-1., -1., -1., ..., -1., -1., -1.],
         [-1., -1., -1., ..., -1., -1., -1.]]]], dtype=float32), array([[[[-1., -1., -1., ..., -1., -1., -1.],
         [-1., -1., -1., ..., -1., -1., -1.],
         [-1., -1., -1., ..., -1., -1., -1.],
         ...,
         [-1., -1., -1., ..., -1., -1., -1.],
         [-1., -1., -1., ..., -1., -1., -1.],
         [-1., -1., -1., ..., -1., -1., -1.]],

        [[-1., -1., -1., ..., -1., -1., -1.],
         [-1., -1., -1., ..., -1., -1., -1.],
         [-1., -1., -1., ..., -1., -1., -1.],
         ...,
         [-1., -1., -1., ..., -1., -1., -1.],
         [-1., -1., -1., ..., -1., -1., -1.],
         [-1., -1., -1., ..., -1., -1., -1.]],

        [[-1., -1., -1., ..., -1., -1., -1.],
         [-1., -1., -1., ..., -1., -1., -1.],
         [-1., -1., -1., ..., -1., -1., -1.],
         ...,
         [-1., -1., -1., ..., -1., -1., -1.],
         [-1., -1., -1., ..., -1., -1., -1.],
         [-1., -1., -1., ..., -1., -1., -1.]]]], dtype=float32), array([[[[-1., -1., -1., ..., -1., -1., -1.],
         [-1., -1., -1., ..., -1., -1., -1.],
         [-1., -1., -1., ..., -1., -1., -1.],
         ...,
         [-1., -1., -1., ..., -1., -1., -1.],
         [-1., -1., -1., ..., -1., -1., -1.],
         [-1., -1., -1., ..., -1., -1., -1.]],

        [[-1., -1., -1., ..., -1., -1., -1.],
         [-1., -1., -1., ..., -1., -1., -1.],
         [-1., -1., -1., ..., -1., -1., -1.],
         ...,
         [-1., -1., -1., ..., -1., -1., -1.],
         [-1., -1., -1., ..., -1., -1., -1.],
         [-1., -1., -1., ..., -1., -1., -1.]],

        [[-1., -1., -1., ..., -1., -1., -1.],
         [-1., -1., -1., ..., -1., -1., -1.],
         [-1., -1., -1., ..., -1., -1., -1.],
         ...,
         [-1., -1., -1., ..., -1., -1., -1.],
         [-1., -1., -1., ..., -1., -1., -1.],
         [-1., -1., -1., ..., -1., -1., -1.]]]], dtype=float32), array([[[[-1., -1., -1., ..., -1., -1., -1.],
         [-1., -1., -1., ..., -1., -1., -1.],
         [-1., -1., -1., ..., -1., -1., -1.],
         ...,
         [-1., -1., -1., ..., -1., -1., -1.],
         [-1., -1., -1., ..., -1., -1., -1.],
         [-1., -1., -1., ..., -1., -1., -1.]],

        [[-1., -1., -1., ..., -1., -1., -1.],
         [-1., -1., -1., ..., -1., -1., -1.],
         [-1., -1., -1., ..., -1., -1., -1.],
         ...,
         [-1., -1., -1., ..., -1., -1., -1.],
         [-1., -1., -1., ..., -1., -1., -1.],
         [-1., -1., -1., ..., -1., -1., -1.]],

        [[-1., -1., -1., ..., -1., -1., -1.],
         [-1., -1., -1., ..., -1., -1., -1.],
         [-1., -1., -1., ..., -1., -1., -1.],
         ...,
         [-1., -1., -1., ..., -1., -1., -1.],
         [-1., -1., -1., ..., -1., -1., -1.],
         [-1., -1., -1., ..., -1., -1., -1.]]]], dtype=float32), array([[[[-1., -1., -1., ..., -1., -1., -1.],
         [-1., -1., -1., ..., -1., -1., -1.],
         [-1., -1., -1., ..., -1., -1., -1.],
         ...,
         [-1., -1., -1., ..., -1., -1., -1.],
         [-1., -1., -1., ..., -1., -1., -1.],
         [-1., -1., -1., ..., -1., -1., -1.]],

        [[-1., -1., -1., ..., -1., -1., -1.],
         [-1., -1., -1., ..., -1., -1., -1.],
         [-1., -1., -1., ..., -1., -1., -1.],
         ...,
         [-1., -1., -1., ..., -1., -1., -1.],
         [-1., -1., -1., ..., -1., -1., -1.],
         [-1., -1., -1., ..., -1., -1., -1.]],

        [[-1., -1., -1., ..., -1., -1., -1.],
         [-1., -1., -1., ..., -1., -1., -1.],
         [-1., -1., -1., ..., -1., -1., -1.],
         ...,
         [-1., -1., -1., ..., -1., -1., -1.],
         [-1., -1., -1., ..., -1., -1., -1.],
         [-1., -1., -1., ..., -1., -1., -1.]]]], dtype=float32), array([[[[-1., -1., -1., ..., -1., -1., -1.],
         [-1., -1., -1., ..., -1., -1., -1.],
         [-1., -1., -1., ..., -1., -1., -1.],
         ...,
         [-1., -1., -1., ..., -1., -1., -1.],
         [-1., -1., -1., ..., -1., -1., -1.],
         [-1., -1., -1., ..., -1., -1., -1.]],

        [[-1., -1., -1., ..., -1., -1., -1.],
         [-1., -1., -1., ..., -1., -1., -1.],
         [-1., -1., -1., ..., -1., -1., -1.],
         ...,
         [-1., -1., -1., ..., -1., -1., -1.],
         [-1., -1., -1., ..., -1., -1., -1.],
         [-1., -1., -1., ..., -1., -1., -1.]],

        [[-1., -1., -1., ..., -1., -1., -1.],
         [-1., -1., -1., ..., -1., -1., -1.],
         [-1., -1., -1., ..., -1., -1., -1.],
         ...,
         [-1., -1., -1., ..., -1., -1., -1.],
         [-1., -1., -1., ..., -1., -1., -1.],
         [-1., -1., -1., ..., -1., -1., -1.]]]], dtype=float32), array([[[[-1., -1., -1., ..., -1., -1., -1.],
         [-1., -1., -1., ..., -1., -1., -1.],
         [-1., -1., -1., ..., -1., -1., -1.],
         ...,
         [-1., -1., -1., ..., -1., -1., -1.],
         [-1., -1., -1., ..., -1., -1., -1.],
         [-1., -1., -1., ..., -1., -1., -1.]],

        [[-1., -1., -1., ..., -1., -1., -1.],
         [-1., -1., -1., ..., -1., -1., -1.],
         [-1., -1., -1., ..., -1., -1., -1.],
         ...,
         [-1., -1., -1., ..., -1., -1., -1.],
         [-1., -1., -1., ..., -1., -1., -1.],
         [-1., -1., -1., ..., -1., -1., -1.]],

        [[-1., -1., -1., ..., -1., -1., -1.],
         [-1., -1., -1., ..., -1., -1., -1.],
         [-1., -1., -1., ..., -1., -1., -1.],
         ...,
         [-1., -1., -1., ..., -1., -1., -1.],
         [-1., -1., -1., ..., -1., -1., -1.],
         [-1., -1., -1., ..., -1., -1., -1.]]]], dtype=float32), array([[[[-1., -1., -1., ..., -1., -1., -1.],
         [-1., -1., -1., ..., -1., -1., -1.],
         [-1., -1., -1., ..., -1., -1., -1.],
         ...,
         [-1., -1., -1., ..., -1., -1., -1.],
         [-1., -1., -1., ..., -1., -1., -1.],
         [-1., -1., -1., ..., -1., -1., -1.]],

        [[-1., -1., -1., ..., -1., -1., -1.],
         [-1., -1., -1., ..., -1., -1., -1.],
         [-1., -1., -1., ..., -1., -1., -1.],
         ...,
         [-1., -1., -1., ..., -1., -1., -1.],
         [-1., -1., -1., ..., -1., -1., -1.],
         [-1., -1., -1., ..., -1., -1., -1.]],

        [[-1., -1., -1., ..., -1., -1., -1.],
         [-1., -1., -1., ..., -1., -1., -1.],
         [-1., -1., -1., ..., -1., -1., -1.],
         ...,
         [-1., -1., -1., ..., -1., -1., -1.],
         [-1., -1., -1., ..., -1., -1., -1.],
         [-1., -1., -1., ..., -1., -1., -1.]]]], dtype=float32), array([[[[-1., -1., -1., ..., -1., -1., -1.],
         [-1., -1., -1., ..., -1., -1., -1.],
         [-1., -1., -1., ..., -1., -1., -1.],
         ...,
         [-1., -1., -1., ..., -1., -1., -1.],
         [-1., -1., -1., ..., -1., -1., -1.],
         [-1., -1., -1., ..., -1., -1., -1.]],

        [[-1., -1., -1., ..., -1., -1., -1.],
         [-1., -1., -1., ..., -1., -1., -1.],
         [-1., -1., -1., ..., -1., -1., -1.],
         ...,
         [-1., -1., -1., ..., -1., -1., -1.],
         [-1., -1., -1., ..., -1., -1., -1.],
         [-1., -1., -1., ..., -1., -1., -1.]],

        [[-1., -1., -1., ..., -1., -1., -1.],
         [-1., -1., -1., ..., -1., -1., -1.],
         [-1., -1., -1., ..., -1., -1., -1.],
         ...,
         [-1., -1., -1., ..., -1., -1., -1.],
         [-1., -1., -1., ..., -1., -1., -1.],
         [-1., -1., -1., ..., -1., -1., -1.]]]], dtype=float32), array([[[[-1., -1., -1., ..., -1., -1., -1.],
         [-1., -1., -1., ..., -1., -1., -1.],
         [-1., -1., -1., ..., -1., -1., -1.],
         ...,
         [-1., -1., -1., ..., -1., -1., -1.],
         [-1., -1., -1., ..., -1., -1., -1.],
         [-1., -1., -1., ..., -1., -1., -1.]],

        [[-1., -1., -1., ..., -1., -1., -1.],
         [-1., -1., -1., ..., -1., -1., -1.],
         [-1., -1., -1., ..., -1., -1., -1.],
         ...,
         [-1., -1., -1., ..., -1., -1., -1.],
         [-1., -1., -1., ..., -1., -1., -1.],
         [-1., -1., -1., ..., -1., -1., -1.]],

        [[-1., -1., -1., ..., -1., -1., -1.],
         [-1., -1., -1., ..., -1., -1., -1.],
         [-1., -1., -1., ..., -1., -1., -1.],
         ...,
         [-1., -1., -1., ..., -1., -1., -1.],
         [-1., -1., -1., ..., -1., -1., -1.],
         [-1., -1., -1., ..., -1., -1., -1.]]]], dtype=float32), array([[[[-1., -1., -1., ..., -1., -1., -1.],
         [-1., -1., -1., ..., -1., -1., -1.],
         [-1., -1., -1., ..., -1., -1., -1.],
         ...,
         [-1., -1., -1., ..., -1., -1., -1.],
         [-1., -1., -1., ..., -1., -1., -1.],
         [-1., -1., -1., ..., -1., -1., -1.]],

        [[-1., -1., -1., ..., -1., -1., -1.],
         [-1., -1., -1., ..., -1., -1., -1.],
         [-1., -1., -1., ..., -1., -1., -1.],
         ...,
         [-1., -1., -1., ..., -1., -1., -1.],
         [-1., -1., -1., ..., -1., -1., -1.],
         [-1., -1., -1., ..., -1., -1., -1.]],

        [[-1., -1., -1., ..., -1., -1., -1.],
         [-1., -1., -1., ..., -1., -1., -1.],
         [-1., -1., -1., ..., -1., -1., -1.],
         ...,
         [-1., -1., -1., ..., -1., -1., -1.],
         [-1., -1., -1., ..., -1., -1., -1.],
         [-1., -1., -1., ..., -1., -1., -1.]]]], dtype=float32), array([[[[-1., -1., -1., ..., -1., -1., -1.],
         [-1., -1., -1., ..., -1., -1., -1.],
         [-1., -1., -1., ..., -1., -1., -1.],
         ...,
         [-1., -1., -1., ..., -1., -1., -1.],
         [-1., -1., -1., ..., -1., -1., -1.],
         [-1., -1., -1., ..., -1., -1., -1.]],

        [[-1., -1., -1., ..., -1., -1., -1.],
         [-1., -1., -1., ..., -1., -1., -1.],
         [-1., -1., -1., ..., -1., -1., -1.],
         ...,
         [-1., -1., -1., ..., -1., -1., -1.],
         [-1., -1., -1., ..., -1., -1., -1.],
         [-1., -1., -1., ..., -1., -1., -1.]],

        [[-1., -1., -1., ..., -1., -1., -1.],
         [-1., -1., -1., ..., -1., -1., -1.],
         [-1., -1., -1., ..., -1., -1., -1.],
         ...,
         [-1., -1., -1., ..., -1., -1., -1.],
         [-1., -1., -1., ..., -1., -1., -1.],
         [-1., -1., -1., ..., -1., -1., -1.]]]], dtype=float32), array([[[[-1., -1., -1., ..., -1., -1., -1.],
         [-1., -1., -1., ..., -1., -1., -1.],
         [-1., -1., -1., ..., -1., -1., -1.],
         ...,
         [-1., -1., -1., ..., -1., -1., -1.],
         [-1., -1., -1., ..., -1., -1., -1.],
         [-1., -1., -1., ..., -1., -1., -1.]],

        [[-1., -1., -1., ..., -1., -1., -1.],
         [-1., -1., -1., ..., -1., -1., -1.],
         [-1., -1., -1., ..., -1., -1., -1.],
         ...,
         [-1., -1., -1., ..., -1., -1., -1.],
         [-1., -1., -1., ..., -1., -1., -1.],
         [-1., -1., -1., ..., -1., -1., -1.]],

        [[-1., -1., -1., ..., -1., -1., -1.],
         [-1., -1., -1., ..., -1., -1., -1.],
         [-1., -1., -1., ..., -1., -1., -1.],
         ...,
         [-1., -1., -1., ..., -1., -1., -1.],
         [-1., -1., -1., ..., -1., -1., -1.],
         [-1., -1., -1., ..., -1., -1., -1.]]]], dtype=float32), array([[[[ 33.,  34.,  33., ...,  16.,  15.,  14.],
         [ 33.,  33.,  33., ...,  17.,  16.,  15.],
         [ 33.,  33.,  33., ...,  20.,  19.,  17.],
         ...,
         [-82., -82., -83., ...,  54.,  52.,  51.],
         [-82., -83., -83., ...,  51.,  50.,  51.],
         [-81., -82., -83., ...,  51.,  51.,  52.]],

        [[ 16.,  16.,  13., ...,  -9.,  -9., -10.],
         [ 18.,  18.,  16., ...,  -9.,  -9., -10.],
         [ 22.,  22.,  20., ...,  -9., -10., -10.],
         ...,
         [-82., -82., -83., ..., -11., -11., -10.],
         [-82., -83., -83., ..., -14., -14., -13.],
         [-81., -82., -83., ..., -15., -15., -14.]],

        [[  8.,   9.,   8., ..., -35., -37., -38.],
         [ 13.,  11.,   7., ..., -31., -33., -35.],
         [ 12.,  10.,   7., ..., -28., -31., -34.],
         ...,
         [-82., -82., -83., ..., -62., -63., -63.],
         [-82., -83., -83., ..., -63., -64., -64.],
         [-81., -82., -83., ..., -67., -67., -66.]]]], dtype=float32)]}}, 'hbdk_dict': {'hbdk_pass_through_params': '--O3 --cache /home/chaowu/05_projects/02_YOLOv8/ultralytics/00_horizon_convert/yolov8s_3out_no_dfl/cache.json --core-num 1 --fast ', 'input-source': {'images': 'ddr', '_default_value': 'ddr'}}, 'node_dict': {}, 'check_mode': False}
2024-04-11 14:41:04,629 file: build.py func: build line No: 34 [Thu Apr 11 14:41:04 2024] Start to Horizon NN Model Convert.
2024-04-11 14:41:04,629 file: model_debug.py func: model_debug line No: 61 Loading horizon_nn debug methods:[]
2024-04-11 14:41:04,629 file: cali_dict_parser.py func: cali_dict_parser line No: 38 Parsing the calibration parameter
2024-04-11 14:41:04,630 file: hbdk_dict_parser.py func: hbdk_dict_parser line No: 36 Parsing the hbdk parameter:{'hbdk_pass_through_params': '--O3 --cache /home/chaowu/05_projects/02_YOLOv8/ultralytics/00_horizon_convert/yolov8s_3out_no_dfl/cache.json --core-num 1 --fast ', 'input-source': {'images': 'ddr', '_default_value': 'ddr'}}
2024-04-11 14:41:04,630 file: build.py func: build line No: 140 HorizonNN version: 0.19.3
2024-04-11 14:41:04,630 file: build.py func: build line No: 144 HBDK version: 3.46.4
2024-04-11 14:41:04,630 file: build.py func: build line No: 34 [Thu Apr 11 14:41:04 2024] Start to parse the onnx model.
2024-04-11 14:41:04,808 file: onnx_parser.py func: onnx_parser line No: 129 Input ONNX model infomation:
ONNX IR version:          6
Opset version:            [11, 1]
Producer:                 pytorch2.1.1
Domain:                   none
Input name:               images, [1, 3, 640, 640]
Output name:              output0, [1, 64, 80, 80]
Output name:              332, [1, 64, 40, 40]
Output name:              347, [1, 64, 20, 20]
Output name:              325, [1, 80, 80, 80]
Output name:              340, [1, 80, 40, 40]
Output name:              355, [1, 80, 20, 20]
2024-04-11 14:41:04,909 file: build.py func: build line No: 37 [Thu Apr 11 14:41:04 2024] End to parse the onnx model.
2024-04-11 14:41:05,192 file: build.py func: build line No: 428 Saving the original float model: yolov8s_3out_no_dfl_original_float_model.onnx.
2024-04-11 14:41:05,192 file: build.py func: build line No: 34 [Thu Apr 11 14:41:05 2024] Start to optimize the model.
2024-04-11 14:41:05,573 file: build.py func: build line No: 37 [Thu Apr 11 14:41:05 2024] End to optimize the model.
2024-04-11 14:41:05,599 file: build.py func: build line No: 452 Saving the optimized model: yolov8s_3out_no_dfl_optimized_float_model.onnx.
2024-04-11 14:41:05,599 file: build.py func: build line No: 34 [Thu Apr 11 14:41:05 2024] Start to calibrate the model.
2024-04-11 14:41:05,666 file: calibration_data_set.py func: calibration_data_set line No: 89 input name: images,  number_of_samples: 50
2024-04-11 14:41:05,666 file: calibration_data_set.py func: calibration_data_set line No: 100 There are 50 samples in the calibration data set.
2024-04-11 14:41:05,881 file: default_calibrater.py func: default_calibrater line No: 154 Run calibration model with default calibration method.
2024-04-11 14:41:06,927 file: calibrater.py func: calibrater line No: 195 Calibration using batch 8
2024-04-11 14:42:32,835 file: calibrater.py func: calibrater line No: 195 Calibration using batch 8
2024-04-11 14:43:16,407 file: default_calibrater.py func: default_calibrater line No: 240 Select max method.
2024-04-11 14:43:16,587 file: build.py func: build line No: 335 Saving the calibrated model: yolov8s_3out_no_dfl_calibrated_model.onnx.
2024-04-11 14:43:16,588 file: build.py func: build line No: 37 [Thu Apr 11 14:43:16 2024] End to calibrate the model.
2024-04-11 14:43:16,588 file: build.py func: build line No: 34 [Thu Apr 11 14:43:16 2024] Start to quantize the model.
2024-04-11 14:43:32,166 file: build.py func: build line No: 37 [Thu Apr 11 14:43:32 2024] End to quantize the model.
2024-04-11 14:43:32,498 file: build.py func: build line No: 465 Saving the quantized model: yolov8s_3out_no_dfl_quantized_model.onnx.
2024-04-11 14:43:33,476 file: build.py func: build line No: 34 [Thu Apr 11 14:43:33 2024] Start to compile the model with march bayes.
2024-04-11 14:43:33,477 file: build.py func: build line No: 37 [Thu Apr 11 14:43:33 2024] End to compile the model with march bayes.
2024-04-11 14:43:33,901 file: hybrid_build.py func: hybrid_build line No: 133 Compile submodel: main_graph_subgraph_0
2024-04-11 14:43:34,505 file: hbdk_cc.py func: hbdk_cc line No: 115 hbdk-cc parameters:['--O3', '--cache', '/home/chaowu/05_projects/02_YOLOv8/ultralytics/00_horizon_convert/yolov8s_3out_no_dfl/cache.json', '--core-num', '1', '--fast', '--input-layout', 'NHWC', '--output-layout', 'NHWC', '--input-source', 'ddr']
2024-04-11 14:43:34,506 file: hbdk_cc.py func: hbdk_cc line No: 116 hbdk-cc command used:hbdk-cc -f hbir -m /tmp/tmptpyxqlw8/main_graph_subgraph_0.hbir -o /tmp/tmptpyxqlw8/main_graph_subgraph_0.hbm --march bayes --progressbar --O3 --cache /home/chaowu/05_projects/02_YOLOv8/ultralytics/00_horizon_convert/yolov8s_3out_no_dfl/cache.json --core-num 1 --fast --input-layout NHWC --output-layout NHWC --input-source ddr
2024-04-11 14:43:34,521 file: tool_utils.py func: tool_utils line No: 317 Can not find the scale for node HZ_PREPROCESS_FOR_images_NCHW2NHWC_LayoutConvert_Input0
2024-04-11 14:50:07,935 file: tool_utils.py func: tool_utils line No: 322 /home/chaowu/05_projects/02_YOLOv8/ultralytics/00_horizon_convert/yolov8s_3out_no_dfl/cache75491.json
2024-04-11 14:50:09,737 file: tool_utils.py func: tool_utils line No: 322 consumed time 395.174
2024-04-11 14:50:09,892 file: tool_utils.py func: tool_utils line No: 322 FPS=316.91, latency = 3155.4 us   (see main_graph_subgraph_0.html)
2024-04-11 14:50:10,108 file: node_info.py func: node_info line No: 55 The converted model node information:
==========================================================================================================================================
Node                                             ON   Subgraph  Type                       Cosine Similarity  Threshold   In/Out DataType  
-------------------------------------------------------------------------------------------------------------------------------------------
HZ_PREPROCESS_FOR_images                         BPU  id(0)     HzSQuantizedPreprocess     0.999965           127.000000  int8/int8        
/model.0/conv/Conv                               BPU  id(0)     HzSQuantizedConv           0.998702           1.000000    int8/int8        
/model.0/act/Mul                                 BPU  id(0)     HzLut                      0.993501           79.435120   int8/int8        
/model.1/conv/Conv                               BPU  id(0)     HzSQuantizedConv           0.985493           79.435120   int8/int8        
/model.1/act/Mul                                 BPU  id(0)     HzLut                      0.979908           129.136459  int8/int8        
/model.2/cv1/conv/Conv                           BPU  id(0)     HzSQuantizedConv           0.982950           106.003716  int8/int8        
/model.2/cv1/act/Mul                             BPU  id(0)     HzLut                      0.979284           85.314186   int8/int8        
/model.2/Split                                   BPU  id(0)     Split                                                     int8/int8        
/model.2/m.0/cv1/conv/Conv                       BPU  id(0)     HzSQuantizedConv           0.931595           28.336460   int8/int8        
/model.2/m.0/cv1/act/Mul                         BPU  id(0)     HzLut                      0.934318           33.193035   int8/int8        
/model.2/m.0/cv2/conv/Conv                       BPU  id(0)     HzSQuantizedConv           0.944559           29.639631   int8/int8        
/model.2/m.0/cv2/act/Mul                         BPU  id(0)     HzLut                      0.956565           35.439880   int8/int8        
UNIT_CONV_FOR_/model.2/m.0/Add                   BPU  id(0)     HzSQuantizedConv           0.976257           28.336460   int8/int8        
/model.2/Concat                                  BPU  id(0)     Concat                     0.977200           28.336460   int8/int8        
/model.2/cv2/conv/Conv                           BPU  id(0)     HzSQuantizedConv           0.930776           28.336460   int8/int8        
/model.2/cv2/act/Mul                             BPU  id(0)     HzLut                      0.929119           24.919756   int8/int8        
/model.3/conv/Conv                               BPU  id(0)     HzSQuantizedConv           0.948249           13.722376   int8/int8        
/model.3/act/Mul                                 BPU  id(0)     HzLut                      0.941028           11.345646   int8/int8        
/model.4/cv1/conv/Conv                           BPU  id(0)     HzSQuantizedConv           0.926866           8.283299    int8/int8        
/model.4/cv1/act/Mul                             BPU  id(0)     HzLut                      0.888772           14.448110   int8/int8        
/model.4/Split                                   BPU  id(0)     Split                                                     int8/int8        
/model.4/m.0/cv1/conv/Conv                       BPU  id(0)     HzSQuantizedConv           0.959416           9.325812    int8/int8        
/model.4/m.0/cv1/act/Mul                         BPU  id(0)     HzLut                      0.895497           9.190763    int8/int8        
/model.4/m.0/cv2/conv/Conv                       BPU  id(0)     HzSQuantizedConv           0.890013           8.963448    int8/int8        
/model.4/m.0/cv2/act/Mul                         BPU  id(0)     HzLut                      0.860191           10.470131   int8/int8        
UNIT_CONV_FOR_/model.4/m.0/Add                   BPU  id(0)     HzSQuantizedConv           0.940298           9.325812    int8/int8        
/model.4/m.1/cv1/conv/Conv                       BPU  id(0)     HzSQuantizedConv           0.964952           7.956716    int8/int8        
/model.4/m.1/cv1/act/Mul                         BPU  id(0)     HzLut                      0.944826           9.747637    int8/int8        
/model.4/m.1/cv2/conv/Conv                       BPU  id(0)     HzSQuantizedConv           0.920200           9.609076    int8/int8        
/model.4/m.1/cv2/act/Mul                         BPU  id(0)     HzLut                      0.910821           15.336202   int8/int8        
UNIT_CONV_FOR_/model.4/m.1/Add                   BPU  id(0)     HzSQuantizedConv           0.957072           7.956716    int8/int8        
/model.4/Split_output_0_Requantize               BPU  id(0)     HzRequantize                                              int8/int8        
/model.4/Split_output_1_Requantize               BPU  id(0)     HzRequantize                                              int8/int8        
/model.4/m.0/Add_output_0_Requantize             BPU  id(0)     HzRequantize                                              int8/int8        
/model.4/Concat                                  BPU  id(0)     Concat                     0.938358           9.325812    int8/int8        
/model.4/cv2/conv/Conv                           BPU  id(0)     HzSQuantizedConv           0.892198           11.741362   int8/int8        
/model.4/cv2/act/Mul                             BPU  id(0)     HzLut                      0.864936           13.158245   int8/int8        
/model.5/conv/Conv                               BPU  id(0)     HzSQuantizedConv           0.890279           13.158220   int8/int8        
/model.5/act/Mul                                 BPU  id(0)     HzLut                      0.816949           11.051810   int8/int8        
/model.6/cv1/conv/Conv                           BPU  id(0)     HzSQuantizedConv           0.844914           10.460028   int8/int8        
/model.6/cv1/act/Mul                             BPU  id(0)     HzLut                      0.775219           15.190953   int8/int8        
/model.6/Split                                   BPU  id(0)     Split                                                     int8/int8        
/model.6/m.0/cv1/conv/Conv                       BPU  id(0)     HzSQuantizedConv           0.897084           15.190948   int8/int8        
/model.6/m.0/cv1/act/Mul                         BPU  id(0)     HzLut                      0.706820           10.426620   int8/int8        
/model.6/m.0/cv2/conv/Conv                       BPU  id(0)     HzSQuantizedConv           0.759077           10.426311   int8/int8        
/model.6/m.0/cv2/act/Mul                         BPU  id(0)     HzLut                      0.654901           10.293104   int8/int8        
UNIT_CONV_FOR_/model.6/m.0/Add                   BPU  id(0)     HzSQuantizedConv           0.767804           15.190948   int8/int8        
/model.6/m.1/cv1/conv/Conv                       BPU  id(0)     HzSQuantizedConv           0.887775           11.492609   int8/int8        
/model.6/m.1/cv1/act/Mul                         BPU  id(0)     HzLut                      0.674035           10.324719   int8/int8        
/model.6/m.1/cv2/conv/Conv                       BPU  id(0)     HzSQuantizedConv           0.572223           9.122725    int8/int8        
/model.6/m.1/cv2/act/Mul                         BPU  id(0)     HzLut                      0.658758           20.675821   int8/int8        
UNIT_CONV_FOR_/model.6/m.1/Add                   BPU  id(0)     HzSQuantizedConv           0.731067           11.492609   int8/int8        
/model.6/Split_output_0_Requantize               BPU  id(0)     HzRequantize                                              int8/int8        
/model.6/Split_output_1_Requantize               BPU  id(0)     HzRequantize                                              int8/int8        
/model.6/m.0/Add_output_0_Requantize             BPU  id(0)     HzRequantize                                              int8/int8        
/model.6/Concat                                  BPU  id(0)     Concat                     0.742122           15.190948   int8/int8        
/model.6/cv2/conv/Conv                           BPU  id(0)     HzSQuantizedConv           0.862434           20.883543   int8/int8        
/model.6/cv2/act/Mul                             BPU  id(0)     HzLut                      0.761545           9.735503    int8/int8        
/model.7/conv/Conv                               BPU  id(0)     HzSQuantizedConv           0.805382           8.461541    int8/int8        
/model.7/act/Mul                                 BPU  id(0)     HzLut                      0.712323           10.538739   int8/int8        
/model.8/cv1/conv/Conv                           BPU  id(0)     HzSQuantizedConv           0.850182           9.143539    int8/int8        
/model.8/cv1/act/Mul                             BPU  id(0)     HzLut                      0.752123           11.703249   int8/int8        
/model.8/Split                                   BPU  id(0)     Split                                                     int8/int8        
/model.8/m.0/cv1/conv/Conv                       BPU  id(0)     HzSQuantizedConv           0.886096           11.703153   int8/int8        
/model.8/m.0/cv1/act/Mul                         BPU  id(0)     HzLut                      0.809218           14.075882   int8/int8        
/model.8/m.0/cv2/conv/Conv                       BPU  id(0)     HzSQuantizedConv           0.834487           12.184322   int8/int8        
/model.8/m.0/cv2/act/Mul                         BPU  id(0)     HzLut                      0.813739           18.158360   int8/int8        
UNIT_CONV_FOR_/model.8/m.0/Add                   BPU  id(0)     HzSQuantizedConv           0.808629           11.703153   int8/int8        
/model.8/Split_output_0_Requantize               BPU  id(0)     HzRequantize                                              int8/int8        
/model.8/Split_output_1_Requantize               BPU  id(0)     HzRequantize                                              int8/int8        
/model.8/Concat                                  BPU  id(0)     Concat                     0.784683           11.703153   int8/int8        
/model.8/cv2/conv/Conv                           BPU  id(0)     HzSQuantizedConv           0.837663           17.884117   int8/int8        
/model.8/cv2/act/Mul                             BPU  id(0)     HzLut                      0.739063           13.750477   int8/int8        
/model.9/cv1/conv/Conv                           BPU  id(0)     HzSQuantizedConv           0.855138           10.144647   int8/int8        
/model.9/cv1/act/Mul                             BPU  id(0)     HzLut                      0.876925           9.025558    int8/int8        
/model.9/m/MaxPool                               BPU  id(0)     HzQuantizedMaxPool         0.962245           9.024472    int8/int8        
/model.9/m_1/MaxPool                             BPU  id(0)     HzQuantizedMaxPool         0.982214           9.024472    int8/int8        
/model.9/m_2/MaxPool                             BPU  id(0)     HzQuantizedMaxPool         0.988235           9.024472    int8/int8        
/model.9/Concat                                  BPU  id(0)     Concat                     0.973384           9.024472    int8/int8        
/model.9/cv2/conv/Conv                           BPU  id(0)     HzSQuantizedConv           0.950549           9.024472    int8/int8        
/model.9/cv2/act/Mul                             BPU  id(0)     HzLut                      0.910702           8.670017    int8/int8        
/model.10/Resize                                 BPU  id(0)     HzQuantizedResizeUpsample  0.910591           11.043728   int8/int8        
/model.10/Resize_output_0_calibrated_Requantize  BPU  id(0)     HzRequantize                                              int8/int8        
/model.6/cv2/act/Mul_output_0_Requantize         BPU  id(0)     HzRequantize                                              int8/int8        
/model.11/Concat                                 BPU  id(0)     Concat                     0.860840           11.043728   int8/int8        
/model.12/cv1/conv/Conv                          BPU  id(0)     HzSQuantizedConv           0.909906           8.668529    int8/int8        
/model.12/cv1/act/Mul                            BPU  id(0)     HzLut                      0.878399           14.011772   int8/int8        
/model.12/Split                                  BPU  id(0)     Split                                                     int8/int8        
/model.12/m.0/cv1/conv/Conv                      BPU  id(0)     HzSQuantizedConv           0.916410           14.011762   int8/int8        
/model.12/m.0/cv1/act/Mul                        BPU  id(0)     HzLut                      0.817324           9.984397    int8/int8        
/model.12/m.0/cv2/conv/Conv                      BPU  id(0)     HzSQuantizedConv           0.833944           9.777564    int8/int8        
/model.12/m.0/cv2/act/Mul                        BPU  id(0)     HzLut                      0.803485           12.684319   int8/int8        
/model.12/Concat                                 BPU  id(0)     Concat                     0.859034           14.011762   int8/int8        
/model.12/cv2/conv/Conv                          BPU  id(0)     HzSQuantizedConv           0.902524           14.011762   int8/int8        
/model.12/cv2/act/Mul                            BPU  id(0)     HzLut                      0.837551           13.024752   int8/int8        
/model.13/Resize                                 BPU  id(0)     HzQuantizedResizeUpsample  0.837487           11.778379   int8/int8        
/model.13/Resize_output_0_calibrated_Requantize  BPU  id(0)     HzRequantize                                              int8/int8        
/model.14/Concat                                 BPU  id(0)     Concat                     0.846265           11.778379   int8/int8        
/model.15/cv1/conv/Conv                          BPU  id(0)     HzSQuantizedConv           0.944997           13.158220   int8/int8        
/model.15/cv1/act/Mul                            BPU  id(0)     HzLut                      0.933427           9.418112    int8/int8        
/model.15/Split                                  BPU  id(0)     Split                                                     int8/int8        
/model.15/m.0/cv1/conv/Conv                      BPU  id(0)     HzSQuantizedConv           0.940654           7.599245    int8/int8        
/model.15/m.0/cv1/act/Mul                        BPU  id(0)     HzLut                      0.955397           9.106066    int8/int8        
/model.15/m.0/cv2/conv/Conv                      BPU  id(0)     HzSQuantizedConv           0.888325           5.933390    int8/int8        
/model.15/m.0/cv2/act/Mul                        BPU  id(0)     HzLut                      0.903580           9.824451    int8/int8        
/model.15/Split_output_0_Requantize              BPU  id(0)     HzRequantize                                              int8/int8        
/model.15/Split_output_1_Requantize              BPU  id(0)     HzRequantize                                              int8/int8        
/model.15/Concat                                 BPU  id(0)     Concat                     0.922645           7.599245    int8/int8        
/model.15/cv2/conv/Conv                          BPU  id(0)     HzSQuantizedConv           0.941672           8.082067    int8/int8        
/model.15/cv2/act/Mul                            BPU  id(0)     HzLut                      0.937566           13.317876   int8/int8        
/model.16/conv/Conv                              BPU  id(0)     HzSQuantizedConv           0.861805           6.402021    int8/int8        
/model.16/act/Mul                                BPU  id(0)     HzLut                      0.818180           13.665836   int8/int8        
/model.17/Concat                                 BPU  id(0)     Concat                     0.830054           11.778379   int8/int8        
/model.18/cv1/conv/Conv                          BPU  id(0)     HzSQuantizedConv           0.871102           11.778379   int8/int8        
/model.18/cv1/act/Mul                            BPU  id(0)     HzLut                      0.823060           14.381839   int8/int8        
/model.18/Split                                  BPU  id(0)     Split                                                     int8/int8        
/model.18/m.0/cv1/conv/Conv                      BPU  id(0)     HzSQuantizedConv           0.922288           11.969811   int8/int8        
/model.18/m.0/cv1/act/Mul                        BPU  id(0)     HzLut                      0.900204           10.296659   int8/int8        
/model.18/m.0/cv2/conv/Conv                      BPU  id(0)     HzSQuantizedConv           0.827889           8.973479    int8/int8        
/model.18/m.0/cv2/act/Mul                        BPU  id(0)     HzLut                      0.768067           15.636558   int8/int8        
/model.18/Split_output_0_Requantize              BPU  id(0)     HzRequantize                                              int8/int8        
/model.18/Split_output_1_Requantize              BPU  id(0)     HzRequantize                                              int8/int8        
/model.18/Concat                                 BPU  id(0)     Concat                     0.795213           11.969811   int8/int8        
/model.18/cv2/conv/Conv                          BPU  id(0)     HzSQuantizedConv           0.875761           13.987440   int8/int8        
/model.18/cv2/act/Mul                            BPU  id(0)     HzLut                      0.787036           39.002903   int8/int8        
/model.19/conv/Conv                              BPU  id(0)     HzSQuantizedConv           0.826111           11.904935   int8/int8        
/model.19/act/Mul                                BPU  id(0)     HzLut                      0.782566           13.516699   int8/int8        
/model.20/Concat                                 BPU  id(0)     Concat                     0.869969           11.043728   int8/int8        
/model.21/cv1/conv/Conv                          BPU  id(0)     HzSQuantizedConv           0.896716           11.043728   int8/int8        
/model.21/cv1/act/Mul                            BPU  id(0)     HzLut                      0.835418           13.180927   int8/int8        
/model.21/Split                                  BPU  id(0)     Split                                                     int8/int8        
/model.21/m.0/cv1/conv/Conv                      BPU  id(0)     HzSQuantizedConv           0.897216           10.169546   int8/int8        
/model.21/m.0/cv1/act/Mul                        BPU  id(0)     HzLut                      0.803067           10.786375   int8/int8        
/model.21/m.0/cv2/conv/Conv                      BPU  id(0)     HzSQuantizedConv           0.851842           9.183348    int8/int8        
/model.21/m.0/cv2/act/Mul                        BPU  id(0)     HzLut                      0.755387           15.157839   int8/int8        
/model.21/Split_output_0_Requantize              BPU  id(0)     HzRequantize                                              int8/int8        
/model.21/Split_output_1_Requantize              BPU  id(0)     HzRequantize                                              int8/int8        
/model.21/Concat                                 BPU  id(0)     Concat                     0.797080           10.169546   int8/int8        
/model.21/cv2/conv/Conv                          BPU  id(0)     HzSQuantizedConv           0.844346           14.042407   int8/int8        
/model.21/cv2/act/Mul                            BPU  id(0)     HzLut                      0.705379           20.955439   int8/int8        
/model.22/cv2.0/cv2.0.0/conv/Conv                BPU  id(0)     HzSQuantizedConv           0.910659           6.402021    int8/int8        
/model.22/cv2.0/cv2.0.0/act/Mul                  BPU  id(0)     HzLut                      0.927257           17.313477   int8/int8        
/model.22/cv2.0/cv2.0.1/conv/Conv                BPU  id(0)     HzSQuantizedConv           0.895465           11.949595   int8/int8        
/model.22/cv2.0/cv2.0.1/act/Mul                  BPU  id(0)     HzLut                      0.907766           62.477425   int8/int8        
/model.22/cv2.0/cv2.0.2/Conv                     BPU  id(0)     HzSQuantizedConv           0.974614           62.477425   int8/int32       
/model.22/cv3.0/cv3.0.0/conv/Conv                BPU  id(0)     HzSQuantizedConv           0.915139           6.402021    int8/int8        
/model.22/cv3.0/cv3.0.0/act/Mul                  BPU  id(0)     HzLut                      0.862653           20.010065   int8/int8        
/model.22/cv3.0/cv3.0.1/conv/Conv                BPU  id(0)     HzSQuantizedConv           0.920308           10.079507   int8/int8        
/model.22/cv3.0/cv3.0.1/act/Mul                  BPU  id(0)     HzLut                      0.943318           125.319504  int8/int8        
/model.22/cv3.0/cv3.0.2/Conv                     BPU  id(0)     HzSQuantizedConv           0.998088           107.418465  int8/int8        
/model.22/Sigmoid                                BPU  id(0)     HzLut                      0.000024           5.498970    int8/int8        
/model.22/cv2.1/cv2.1.0/conv/Conv                BPU  id(0)     HzSQuantizedConv           0.833262           11.904935   int8/int8        
/model.22/cv2.1/cv2.1.0/act/Mul                  BPU  id(0)     HzLut                      0.853246           16.520420   int8/int8        
/model.22/cv2.1/cv2.1.1/conv/Conv                BPU  id(0)     HzSQuantizedConv           0.832073           11.700463   int8/int8        
/model.22/cv2.1/cv2.1.1/act/Mul                  BPU  id(0)     HzLut                      0.839819           56.288086   int8/int8        
/model.22/cv2.1/cv2.1.2/Conv                     BPU  id(0)     HzSQuantizedConv           0.964954           56.288086   int8/int32       
/model.22/cv3.1/cv3.1.0/conv/Conv                BPU  id(0)     HzSQuantizedConv           0.881777           11.904935   int8/int8        
/model.22/cv3.1/cv3.1.0/act/Mul                  BPU  id(0)     HzLut                      0.822011           29.858383   int8/int8        
/model.22/cv3.1/cv3.1.1/conv/Conv                BPU  id(0)     HzSQuantizedConv           0.918604           12.854579   int8/int8        
/model.22/cv3.1/cv3.1.1/act/Mul                  BPU  id(0)     HzLut                      0.939120           102.151230  int8/int8        
/model.22/cv3.1/cv3.1.2/Conv                     BPU  id(0)     HzSQuantizedConv           0.997092           102.151230  int8/int8        
/model.22/Sigmoid_1                              BPU  id(0)     HzLut                      0.920467           5.498970    int8/int8        
/model.22/cv2.2/cv2.2.0/conv/Conv                BPU  id(0)     HzSQuantizedConv           0.794214           11.771402   int8/int8        
/model.22/cv2.2/cv2.2.0/act/Mul                  BPU  id(0)     HzLut                      0.738266           15.749937   int8/int8        
/model.22/cv2.2/cv2.2.1/conv/Conv                BPU  id(0)     HzSQuantizedConv           0.727385           12.739112   int8/int8        
/model.22/cv2.2/cv2.2.1/act/Mul                  BPU  id(0)     HzLut                      0.739454           49.847092   int8/int8        
/model.22/cv2.2/cv2.2.2/Conv                     BPU  id(0)     HzSQuantizedConv           0.912323           49.847092   int8/int32       
/model.22/cv3.2/cv3.2.0/conv/Conv                BPU  id(0)     HzSQuantizedConv           0.870266           11.771402   int8/int8        
/model.22/cv3.2/cv3.2.0/act/Mul                  BPU  id(0)     HzLut                      0.836906           24.590084   int8/int8        
/model.22/cv3.2/cv3.2.1/conv/Conv                BPU  id(0)     HzSQuantizedConv           0.927091           13.503774   int8/int8        
/model.22/cv3.2/cv3.2.1/act/Mul                  BPU  id(0)     HzLut                      0.951860           76.113533   int8/int8        
/model.22/cv3.2/cv3.2.2/Conv                     BPU  id(0)     HzSQuantizedConv           0.997039           76.113533   int8/int8        
/model.22/Sigmoid_2                              BPU  id(0)     HzLut                      0.990771           5.498970    int8/int8
2024-04-11 14:50:10,109 file: build.py func: build line No: 530 The quantify model output:
===============================================================================================
Node                          Cosine Similarity  L1 Distance  L2 Distance  Chebyshev Distance  
-----------------------------------------------------------------------------------------------
/model.22/cv2.0/cv2.0.2/Conv  0.974614           0.317429     0.000816     7.288527            
/model.22/Sigmoid             0.000024           0.000009     0.000002     0.327837            
/model.22/cv2.1/cv2.1.2/Conv  0.964954           0.338113     0.001800     8.258072            
/model.22/Sigmoid_1           0.920467           0.000021     0.000004     0.190850            
/model.22/cv2.2/cv2.2.2/Conv  0.912323           0.476832     0.005569     6.667481            
/model.22/Sigmoid_2           0.990771           0.000036     0.000010     0.184444
2024-04-11 14:50:10,111 file: build.py func: build line No: 37 [Thu Apr 11 14:50:10 2024] End to Horizon NN Model Convert.
2024-04-11 14:50:10,253 file: hb_mapper_makertbin.py func: hb_mapper_makertbin line No: 592 start convert to *.bin file....
2024-04-11 14:50:10,305 file: onnx2horizonrt.py func: onnx2horizonrt line No: 4128 ONNX model output num : 6
2024-04-11 14:50:10,312 file: layout_util.py func: layout_util line No: 15 set_featuremap_layout start
2024-04-11 14:50:10,313 file: onnx2horizonrt.py func: onnx2horizonrt line No: 3862 model_deps_info: {'hb_mapper_version': '1.18.2', 'hbdk_version': '3.46.4', 'hbdk_runtime_version': ' 3.15.29.0', 'horizon_nn_version': '0.19.3', 'onnx_model': '/home/chaowu/05_projects/02_YOLOv8/ultralytics/00_horizon_convert/yolov8s_3out_no_dfl.onnx', 'march': 'bayes', 'layer_out_dump': False, 'log_level': 'DEBUG', 'working_dir': '/home/chaowu/05_projects/02_YOLOv8/ultralytics/00_horizon_convert/yolov8s_3out_no_dfl', 'model_prefix': 'yolov8s_3out_no_dfl', 'input_names': ['images'], 'input_type_rt': ['rgb'], 'input_space_and_range': ['regular'], 'input_type_train': ['rgb'], 'input_layout_rt': ['NCHW'], 'input_layout_train': ['NCHW'], 'norm_type': ['data_scale'], 'scale_value': ['0.003921568627451,'], 'mean_value': [''], 'input_shape': ['1x3x640x640'], 'input_batch': [], 'cal_dir': ['/home/chaowu/05_projects/02_YOLOv8/ultralytics/00_horizon_convert/calibration_data_rgb_f32'], 'cal_data_type': ['float32'], 'preprocess_on': False, 'calibration_type': 'default', 'per_channel': 'False', 'hbdk_params': {'hbdk_pass_through_params': '--O3 --cache /home/chaowu/05_projects/02_YOLOv8/ultralytics/00_horizon_convert/yolov8s_3out_no_dfl/cache.json --core-num 1 --fast ', 'input-source': {'images': 'ddr', '_default_value': 'ddr'}}, 'debug': False, 'compile_mode': 'latency'}
2024-04-11 14:50:10,313 file: onnx2horizonrt.py func: onnx2horizonrt line No: 3985 ############# model deps info #############
2024-04-11 14:50:10,313 file: onnx2horizonrt.py func: onnx2horizonrt line No: 3986 hb_mapper version   : 1.18.2
2024-04-11 14:50:10,313 file: onnx2horizonrt.py func: onnx2horizonrt line No: 3989 hbdk version        : 3.46.4
2024-04-11 14:50:10,313 file: onnx2horizonrt.py func: onnx2horizonrt line No: 3991 hbdk runtime version: 3.15.29.0
2024-04-11 14:50:10,313 file: onnx2horizonrt.py func: onnx2horizonrt line No: 3994 horizon_nn version  : 0.19.3
2024-04-11 14:50:10,313 file: onnx2horizonrt.py func: onnx2horizonrt line No: 3998 ############# model_parameters info #############
2024-04-11 14:50:10,313 file: onnx2horizonrt.py func: onnx2horizonrt line No: 4004 onnx_model          : /home/chaowu/05_projects/02_YOLOv8/ultralytics/00_horizon_convert/yolov8s_3out_no_dfl.onnx
2024-04-11 14:50:10,313 file: onnx2horizonrt.py func: onnx2horizonrt line No: 4005 BPU march           : bayes
2024-04-11 14:50:10,313 file: onnx2horizonrt.py func: onnx2horizonrt line No: 4006 layer_out_dump      : False
2024-04-11 14:50:10,313 file: onnx2horizonrt.py func: onnx2horizonrt line No: 4007 log_level           : DEBUG
2024-04-11 14:50:10,313 file: onnx2horizonrt.py func: onnx2horizonrt line No: 4008 working dir         : /home/chaowu/05_projects/02_YOLOv8/ultralytics/00_horizon_convert/yolov8s_3out_no_dfl
2024-04-11 14:50:10,313 file: onnx2horizonrt.py func: onnx2horizonrt line No: 4009 output_model_file_prefix: yolov8s_3out_no_dfl
2024-04-11 14:50:10,314 file: onnx2horizonrt.py func: onnx2horizonrt line No: 4030 ############# input_parameters info #############
2024-04-11 14:50:10,314 file: onnx2horizonrt.py func: onnx2horizonrt line No: 4048 ------------------------------------------
2024-04-11 14:50:10,314 file: onnx2horizonrt.py func: onnx2horizonrt line No: 4050 ---------input info : images ---------
2024-04-11 14:50:10,314 file: onnx2horizonrt.py func: onnx2horizonrt line No: 4051 input_name          : images
2024-04-11 14:50:10,314 file: onnx2horizonrt.py func: onnx2horizonrt line No: 4052 input_type_rt       : rgb
2024-04-11 14:50:10,314 file: onnx2horizonrt.py func: onnx2horizonrt line No: 4054 input_space&range   : regular
2024-04-11 14:50:10,314 file: onnx2horizonrt.py func: onnx2horizonrt line No: 4056 input_layout_rt     : NCHW
2024-04-11 14:50:10,314 file: onnx2horizonrt.py func: onnx2horizonrt line No: 4057 input_type_train    : rgb
2024-04-11 14:50:10,314 file: onnx2horizonrt.py func: onnx2horizonrt line No: 4058 input_layout_train  : NCHW
2024-04-11 14:50:10,314 file: onnx2horizonrt.py func: onnx2horizonrt line No: 4059 norm_type           : data_scale
2024-04-11 14:50:10,314 file: onnx2horizonrt.py func: onnx2horizonrt line No: 4060 input_shape         : 1x3x640x640
2024-04-11 14:50:10,314 file: onnx2horizonrt.py func: onnx2horizonrt line No: 4068 scale_value         : 0.003921568627451,
2024-04-11 14:50:10,314 file: onnx2horizonrt.py func: onnx2horizonrt line No: 4070 cal_data_dir        : /home/chaowu/05_projects/02_YOLOv8/ultralytics/00_horizon_convert/calibration_data_rgb_f32
2024-04-11 14:50:10,314 file: onnx2horizonrt.py func: onnx2horizonrt line No: 4072 cal_data_type       : float32
2024-04-11 14:50:10,315 file: onnx2horizonrt.py func: onnx2horizonrt line No: 4073 ---------input info : images end -------
2024-04-11 14:50:10,315 file: onnx2horizonrt.py func: onnx2horizonrt line No: 4074 ------------------------------------------
2024-04-11 14:50:10,315 file: onnx2horizonrt.py func: onnx2horizonrt line No: 4076 ############# calibration_parameters info #############
2024-04-11 14:50:10,315 file: onnx2horizonrt.py func: onnx2horizonrt line No: 4077 preprocess_on       : False
2024-04-11 14:50:10,315 file: onnx2horizonrt.py func: onnx2horizonrt line No: 4078 calibration_type:   : default
2024-04-11 14:50:10,315 file: onnx2horizonrt.py func: onnx2horizonrt line No: 4086 per_channel         : False
2024-04-11 14:50:10,315 file: onnx2horizonrt.py func: onnx2horizonrt line No: 4105 ############# compiler_parameters info #############
2024-04-11 14:50:10,315 file: onnx2horizonrt.py func: onnx2horizonrt line No: 4107 debug               : False
2024-04-11 14:50:10,315 file: onnx2horizonrt.py func: onnx2horizonrt line No: 4109 compile_mode        : latency
2024-04-11 14:50:10,315 file: onnx2horizonrt.py func: onnx2horizonrt line No: 4112 hbdk_pass_through_params: --O3 --cache /home/chaowu/05_projects/02_YOLOv8/ultralytics/00_horizon_convert/yolov8s_3out_no_dfl/cache.json --core-num 1 --fast
2024-04-11 14:50:10,315 file: onnx2horizonrt.py func: onnx2horizonrt line No: 4112 input-source        : {'images': 'ddr', '_default_value': 'ddr'}
2024-04-11 14:50:10,322 file: hb_mapper_makertbin.py func: hb_mapper_makertbin line No: 773 Convert to runtime bin file successfully!
2024-04-11 14:50:10,322 file: hb_mapper_makertbin.py func: hb_mapper_makertbin line No: 774 End Model Convert
